Analysis & Synthesis report for ula
Fri Mar 15 15:05:39 2024
Quartus II 64-Bit Version 13.0.1 Build 232 06/12/2013 Service Pack 1 SJ Web Edition


---------------------
; Table of Contents ;
---------------------
  1. Legal Notice
  2. Analysis & Synthesis Summary
  3. Analysis & Synthesis Settings
  4. Parallel Compilation
  5. Analysis & Synthesis Source Files Read
  6. Analysis & Synthesis Resource Usage Summary
  7. Analysis & Synthesis Resource Utilization by Entity
  8. General Register Statistics
  9. Multiplexer Restructuring Statistics (Restructuring Performed)
 10. Port Connectivity Checks: "subtrator:sub_op|SC:M0"
 11. Port Connectivity Checks: "subtrator:sub_op"
 12. Port Connectivity Checks: "soma4bits:add_op"
 13. Elapsed Time Per Partition
 14. Analysis & Synthesis Messages



----------------
; Legal Notice ;
----------------
Copyright (C) 1991-2013 Altera Corporation
Your use of Altera Corporation's design tools, logic functions 
and other software and tools, and its AMPP partner logic 
functions, and any output files from any of the foregoing 
(including device programming or simulation files), and any 
associated documentation or information are expressly subject 
to the terms and conditions of the Altera Program License 
Subscription Agreement, Altera MegaCore Function License 
Agreement, or other applicable license agreement, including, 
without limitation, that your use is for the sole purpose of 
programming logic devices manufactured by Altera and sold by 
Altera or its authorized distributors.  Please refer to the 
applicable agreement for further details.



+--------------------------------------------------------------------------------------+
; Analysis & Synthesis Summary                                                         ;
+------------------------------------+-------------------------------------------------+
; Analysis & Synthesis Status        ; Successful - Fri Mar 15 15:05:39 2024           ;
; Quartus II 64-Bit Version          ; 13.0.1 Build 232 06/12/2013 SP 1 SJ Web Edition ;
; Revision Name                      ; ula                                             ;
; Top-level Entity Name              ; ULA                                             ;
; Family                             ; Cyclone II                                      ;
; Total logic elements               ; 40                                              ;
;     Total combinational functions  ; 40                                              ;
;     Dedicated logic registers      ; 0                                               ;
; Total registers                    ; 0                                               ;
; Total pins                         ; 37                                              ;
; Total virtual pins                 ; 0                                               ;
; Total memory bits                  ; 0                                               ;
; Embedded Multiplier 9-bit elements ; 0                                               ;
; Total PLLs                         ; 0                                               ;
+------------------------------------+-------------------------------------------------+


+----------------------------------------------------------------------------------------------------------------------+
; Analysis & Synthesis Settings                                                                                        ;
+----------------------------------------------------------------------------+--------------------+--------------------+
; Option                                                                     ; Setting            ; Default Value      ;
+----------------------------------------------------------------------------+--------------------+--------------------+
; Device                                                                     ; EP2C35F672C6       ;                    ;
; Top-level entity name                                                      ; ULA                ; ula                ;
; Family name                                                                ; Cyclone II         ; Cyclone IV GX      ;
; Use smart compilation                                                      ; Off                ; Off                ;
; Enable parallel Assembler and TimeQuest Timing Analyzer during compilation ; On                 ; On                 ;
; Enable compact report table                                                ; Off                ; Off                ;
; Restructure Multiplexers                                                   ; Auto               ; Auto               ;
; Create Debugging Nodes for IP Cores                                        ; Off                ; Off                ;
; Preserve fewer node names                                                  ; On                 ; On                 ;
; Disable OpenCore Plus hardware evaluation                                  ; Off                ; Off                ;
; Verilog Version                                                            ; Verilog_2001       ; Verilog_2001       ;
; VHDL Version                                                               ; VHDL_1993          ; VHDL_1993          ;
; State Machine Processing                                                   ; Auto               ; Auto               ;
; Safe State Machine                                                         ; Off                ; Off                ;
; Extract Verilog State Machines                                             ; On                 ; On                 ;
; Extract VHDL State Machines                                                ; On                 ; On                 ;
; Ignore Verilog initial constructs                                          ; Off                ; Off                ;
; Iteration limit for constant Verilog loops                                 ; 5000               ; 5000               ;
; Iteration limit for non-constant Verilog loops                             ; 250                ; 250                ;
; Add Pass-Through Logic to Inferred RAMs                                    ; On                 ; On                 ;
; Infer RAMs from Raw Logic                                                  ; On                 ; On                 ;
; Parallel Synthesis                                                         ; On                 ; On                 ;
; DSP Block Balancing                                                        ; Auto               ; Auto               ;
; NOT Gate Push-Back                                                         ; On                 ; On                 ;
; Power-Up Don't Care                                                        ; On                 ; On                 ;
; Remove Redundant Logic Cells                                               ; Off                ; Off                ;
; Remove Duplicate Registers                                                 ; On                 ; On                 ;
; Ignore CARRY Buffers                                                       ; Off                ; Off                ;
; Ignore CASCADE Buffers                                                     ; Off                ; Off                ;
; Ignore GLOBAL Buffers                                                      ; Off                ; Off                ;
; Ignore ROW GLOBAL Buffers                                                  ; Off                ; Off                ;
; Ignore LCELL Buffers                                                       ; Off                ; Off                ;
; Ignore SOFT Buffers                                                        ; On                 ; On                 ;
; Limit AHDL Integers to 32 Bits                                             ; Off                ; Off                ;
; Optimization Technique                                                     ; Balanced           ; Balanced           ;
; Carry Chain Length                                                         ; 70                 ; 70                 ;
; Auto Carry Chains                                                          ; On                 ; On                 ;
; Auto Open-Drain Pins                                                       ; On                 ; On                 ;
; Perform WYSIWYG Primitive Resynthesis                                      ; Off                ; Off                ;
; Auto ROM Replacement                                                       ; On                 ; On                 ;
; Auto RAM Replacement                                                       ; On                 ; On                 ;
; Auto Shift Register Replacement                                            ; Auto               ; Auto               ;
; Allow Shift Register Merging across Hierarchies                            ; Auto               ; Auto               ;
; Auto Clock Enable Replacement                                              ; On                 ; On                 ;
; Strict RAM Replacement                                                     ; Off                ; Off                ;
; Allow Synchronous Control Signals                                          ; On                 ; On                 ;
; Force Use of Synchronous Clear Signals                                     ; Off                ; Off                ;
; Auto RAM to Logic Cell Conversion                                          ; Off                ; Off                ;
; Auto Resource Sharing                                                      ; Off                ; Off                ;
; Allow Any RAM Size For Recognition                                         ; Off                ; Off                ;
; Allow Any ROM Size For Recognition                                         ; Off                ; Off                ;
; Allow Any Shift Register Size For Recognition                              ; Off                ; Off                ;
; Use LogicLock Constraints during Resource Balancing                        ; On                 ; On                 ;
; Ignore translate_off and synthesis_off directives                          ; Off                ; Off                ;
; Timing-Driven Synthesis                                                    ; Off                ; Off                ;
; Report Parameter Settings                                                  ; On                 ; On                 ;
; Report Source Assignments                                                  ; On                 ; On                 ;
; Report Connectivity Checks                                                 ; On                 ; On                 ;
; Ignore Maximum Fan-Out Assignments                                         ; Off                ; Off                ;
; Synchronization Register Chain Length                                      ; 2                  ; 2                  ;
; PowerPlay Power Optimization                                               ; Normal compilation ; Normal compilation ;
; HDL message level                                                          ; Level2             ; Level2             ;
; Suppress Register Optimization Related Messages                            ; Off                ; Off                ;
; Number of Removed Registers Reported in Synthesis Report                   ; 5000               ; 5000               ;
; Number of Swept Nodes Reported in Synthesis Report                         ; 5000               ; 5000               ;
; Number of Inverted Registers Reported in Synthesis Report                  ; 100                ; 100                ;
; Clock MUX Protection                                                       ; On                 ; On                 ;
; Auto Gated Clock Conversion                                                ; Off                ; Off                ;
; Block Design Naming                                                        ; Auto               ; Auto               ;
; SDC constraint protection                                                  ; Off                ; Off                ;
; Synthesis Effort                                                           ; Auto               ; Auto               ;
; Shift Register Replacement - Allow Asynchronous Clear Signal               ; On                 ; On                 ;
; Pre-Mapping Resynthesis Optimization                                       ; Off                ; Off                ;
; Analysis & Synthesis Message Level                                         ; Medium             ; Medium             ;
; Disable Register Merging Across Hierarchies                                ; Auto               ; Auto               ;
; Resource Aware Inference For Block RAM                                     ; On                 ; On                 ;
; Synthesis Seed                                                             ; 1                  ; 1                  ;
+----------------------------------------------------------------------------+--------------------+--------------------+


Parallel compilation was disabled, but you have multiple processors available. Enable parallel compilation to reduce compilation time.
+-------------------------------------+
; Parallel Compilation                ;
+----------------------------+--------+
; Processors                 ; Number ;
+----------------------------+--------+
; Number detected on machine ; 4      ;
; Maximum allowed            ; 1      ;
+----------------------------+--------+


+--------------------------------------------------------------------------------------------------------------------------------------------------------------------+
; Analysis & Synthesis Source Files Read                                                                                                                             ;
+----------------------------------+-----------------+-----------------+-----------------------------------------------------------------------------------+---------+
; File Name with User-Entered Path ; Used in Netlist ; File Type       ; File Name with Absolute Path                                                      ; Library ;
+----------------------------------+-----------------+-----------------+-----------------------------------------------------------------------------------+---------+
; soma4bits.vhd                    ; yes             ; User VHDL File  ; C:/Users/alunos/Downloads/ULA_CORRETA (1)/ULA_COM_VZNC/ULA/ULA/soma4bits.vhd      ;         ;
; MS.vhd                           ; yes             ; User VHDL File  ; C:/Users/alunos/Downloads/ULA_CORRETA (1)/ULA_COM_VZNC/ULA/ULA/MS.vhd             ;         ;
; SC.vhd                           ; yes             ; User VHDL File  ; C:/Users/alunos/Downloads/ULA_CORRETA (1)/ULA_COM_VZNC/ULA/ULA/SC.vhd             ;         ;
; A_and_B.vhd                      ; yes             ; User VHDL File  ; C:/Users/alunos/Downloads/ULA_CORRETA (1)/ULA_COM_VZNC/ULA/ULA/A_and_B.vhd        ;         ;
; A_or_b.vhd                       ; yes             ; User VHDL File  ; C:/Users/alunos/Downloads/ULA_CORRETA (1)/ULA_COM_VZNC/ULA/ULA/A_or_b.vhd         ;         ;
; not_a.vhd                        ; yes             ; User VHDL File  ; C:/Users/alunos/Downloads/ULA_CORRETA (1)/ULA_COM_VZNC/ULA/ULA/not_a.vhd          ;         ;
; subtrator.vhd                    ; yes             ; User VHDL File  ; C:/Users/alunos/Downloads/ULA_CORRETA (1)/ULA_COM_VZNC/ULA/ULA/subtrator.vhd      ;         ;
; shift_l.vhd                      ; yes             ; User VHDL File  ; C:/Users/alunos/Downloads/ULA_CORRETA (1)/ULA_COM_VZNC/ULA/ULA/shift_l.vhd        ;         ;
; shift_r.vhd                      ; yes             ; User VHDL File  ; C:/Users/alunos/Downloads/ULA_CORRETA (1)/ULA_COM_VZNC/ULA/ULA/shift_r.vhd        ;         ;
; bits_7_display.vhd               ; yes             ; User VHDL File  ; C:/Users/alunos/Downloads/ULA_CORRETA (1)/ULA_COM_VZNC/ULA/ULA/bits_7_display.vhd ;         ;
; ULA.vhd                          ; yes             ; User VHDL File  ; C:/Users/alunos/Downloads/ULA_CORRETA (1)/ULA_COM_VZNC/ULA/ULA/ULA.vhd            ;         ;
+----------------------------------+-----------------+-----------------+-----------------------------------------------------------------------------------+---------+


+------------------------------------------------------+
; Analysis & Synthesis Resource Usage Summary          ;
+---------------------------------------------+--------+
; Resource                                    ; Usage  ;
+---------------------------------------------+--------+
; Estimated Total logic elements              ; 40     ;
;                                             ;        ;
; Total combinational functions               ; 40     ;
; Logic element usage by number of LUT inputs ;        ;
;     -- 4 input functions                    ; 28     ;
;     -- 3 input functions                    ; 10     ;
;     -- <=2 input functions                  ; 2      ;
;                                             ;        ;
; Logic elements by mode                      ;        ;
;     -- normal mode                          ; 40     ;
;     -- arithmetic mode                      ; 0      ;
;                                             ;        ;
; Total registers                             ; 0      ;
;     -- Dedicated logic registers            ; 0      ;
;     -- I/O registers                        ; 0      ;
;                                             ;        ;
; I/O pins                                    ; 37     ;
; Embedded Multiplier 9-bit elements          ; 0      ;
; Maximum fan-out node                        ; sel[0] ;
; Maximum fan-out                             ; 11     ;
; Total fan-out                               ; 165    ;
; Average fan-out                             ; 2.14   ;
+---------------------------------------------+--------+


+----------------------------------------------------------------------------------------------------------------------------------------------------------------------------------------------------------------+
; Analysis & Synthesis Resource Utilization by Entity                                                                                                                                                            ;
+------------------------------------------+-------------------+--------------+-------------+--------------+---------+-----------+------+--------------+------------------------------------------+--------------+
; Compilation Hierarchy Node               ; LC Combinationals ; LC Registers ; Memory Bits ; DSP Elements ; DSP 9x9 ; DSP 18x18 ; Pins ; Virtual Pins ; Full Hierarchy Name                      ; Library Name ;
+------------------------------------------+-------------------+--------------+-------------+--------------+---------+-----------+------+--------------+------------------------------------------+--------------+
; |ULA                                     ; 40 (25)           ; 0 (0)        ; 0           ; 0            ; 0       ; 0         ; 37   ; 0            ; |ULA                                     ; work         ;
;    |A_or_B:or_op|                        ; 1 (1)             ; 0 (0)        ; 0           ; 0            ; 0       ; 0         ; 0    ; 0            ; |ULA|A_or_B:or_op                        ; work         ;
;    |bits_7_display:convert_to_7_display| ; 8 (8)             ; 0 (0)        ; 0           ; 0            ; 0       ; 0         ; 0    ; 0            ; |ULA|bits_7_display:convert_to_7_display ; work         ;
;    |soma4bits:add_op|                    ; 3 (0)             ; 0 (0)        ; 0           ; 0            ; 0       ; 0         ; 0    ; 0            ; |ULA|soma4bits:add_op                    ; work         ;
;       |SC:M1|                            ; 2 (2)             ; 0 (0)        ; 0           ; 0            ; 0       ; 0         ; 0    ; 0            ; |ULA|soma4bits:add_op|SC:M1              ; work         ;
;       |SC:M2|                            ; 1 (1)             ; 0 (0)        ; 0           ; 0            ; 0       ; 0         ; 0    ; 0            ; |ULA|soma4bits:add_op|SC:M2              ; work         ;
;    |subtrator:sub_op|                    ; 3 (0)             ; 0 (0)        ; 0           ; 0            ; 0       ; 0         ; 0    ; 0            ; |ULA|subtrator:sub_op                    ; work         ;
;       |SC:M1|                            ; 1 (1)             ; 0 (0)        ; 0           ; 0            ; 0       ; 0         ; 0    ; 0            ; |ULA|subtrator:sub_op|SC:M1              ; work         ;
;       |SC:M2|                            ; 1 (1)             ; 0 (0)        ; 0           ; 0            ; 0       ; 0         ; 0    ; 0            ; |ULA|subtrator:sub_op|SC:M2              ; work         ;
;       |SC:M3|                            ; 1 (1)             ; 0 (0)        ; 0           ; 0            ; 0       ; 0         ; 0    ; 0            ; |ULA|subtrator:sub_op|SC:M3              ; work         ;
+------------------------------------------+-------------------+--------------+-------------+--------------+---------+-----------+------+--------------+------------------------------------------+--------------+
Note: For table entries with two numbers listed, the numbers in parentheses indicate the number of resources of the given type used by the specific entity alone. The numbers listed outside of parentheses indicate the total resources of the given type used by the specific entity and all of its sub-entities in the hierarchy.


+------------------------------------------------------+
; General Register Statistics                          ;
+----------------------------------------------+-------+
; Statistic                                    ; Value ;
+----------------------------------------------+-------+
; Total registers                              ; 0     ;
; Number of registers using Synchronous Clear  ; 0     ;
; Number of registers using Synchronous Load   ; 0     ;
; Number of registers using Asynchronous Clear ; 0     ;
; Number of registers using Asynchronous Load  ; 0     ;
; Number of registers using Clock Enable       ; 0     ;
; Number of registers using Preset             ; 0     ;
+----------------------------------------------+-------+


+------------------------------------------------------------------------------------------------------------------------------------------+
; Multiplexer Restructuring Statistics (Restructuring Performed)                                                                           ;
+--------------------+-----------+---------------+----------------------+------------------------+------------+----------------------------+
; Multiplexer Inputs ; Bus Width ; Baseline Area ; Area if Restructured ; Saving if Restructured ; Registered ; Example Multiplexer Output ;
+--------------------+-----------+---------------+----------------------+------------------------+------------+----------------------------+
; 8:1                ; 2 bits    ; 10 LEs        ; 8 LEs                ; 2 LEs                  ; No         ; |ULA|Mux1                  ;
+--------------------+-----------+---------------+----------------------+------------------------+------------+----------------------------+


+----------------------------------------------------+
; Port Connectivity Checks: "subtrator:sub_op|SC:M0" ;
+------+-------+----------+--------------------------+
; Port ; Type  ; Severity ; Details                  ;
+------+-------+----------+--------------------------+
; ci   ; Input ; Info     ; Stuck at VCC             ;
+------+-------+----------+--------------------------+


+----------------------------------------------------------------------------------------------------------------+
; Port Connectivity Checks: "subtrator:sub_op"                                                                   ;
+------+--------+----------+-------------------------------------------------------------------------------------+
; Port ; Type   ; Severity ; Details                                                                             ;
+------+--------+----------+-------------------------------------------------------------------------------------+
; z    ; Output ; Info     ; Connected to dangling logic. Logic that only feeds a dangling port will be removed. ;
+------+--------+----------+-------------------------------------------------------------------------------------+


+----------------------------------------------------------------------------------------------------------------+
; Port Connectivity Checks: "soma4bits:add_op"                                                                   ;
+------+--------+----------+-------------------------------------------------------------------------------------+
; Port ; Type   ; Severity ; Details                                                                             ;
+------+--------+----------+-------------------------------------------------------------------------------------+
; z    ; Output ; Info     ; Connected to dangling logic. Logic that only feeds a dangling port will be removed. ;
; n    ; Output ; Info     ; Connected to dangling logic. Logic that only feeds a dangling port will be removed. ;
+------+--------+----------+-------------------------------------------------------------------------------------+


+-------------------------------+
; Elapsed Time Per Partition    ;
+----------------+--------------+
; Partition Name ; Elapsed Time ;
+----------------+--------------+
; Top            ; 00:00:00     ;
+----------------+--------------+


+-------------------------------+
; Analysis & Synthesis Messages ;
+-------------------------------+
Info: *******************************************************************
Info: Running Quartus II 64-Bit Analysis & Synthesis
    Info: Version 13.0.1 Build 232 06/12/2013 Service Pack 1 SJ Web Edition
    Info: Processing started: Fri Mar 15 15:05:37 2024
Info: Command: quartus_map --read_settings_files=on --write_settings_files=off ula -c ula
Warning (20028): Parallel compilation is not licensed and has been disabled
Info (12021): Found 2 design units, including 1 entities, in source file soma4bits.vhd
    Info (12022): Found design unit 1: soma4bits-arq_soma4bits
    Info (12023): Found entity 1: soma4bits
Info (12021): Found 2 design units, including 1 entities, in source file ms.vhd
    Info (12022): Found design unit 1: MS-Arq
    Info (12023): Found entity 1: MS
Info (12021): Found 2 design units, including 1 entities, in source file sc.vhd
    Info (12022): Found design unit 1: SC-Arq
    Info (12023): Found entity 1: SC
Info (12021): Found 2 design units, including 1 entities, in source file a_and_b.vhd
    Info (12022): Found design unit 1: A_and_B-arq_A_and_B
    Info (12023): Found entity 1: A_and_B
Info (12021): Found 2 design units, including 1 entities, in source file a_or_b.vhd
    Info (12022): Found design unit 1: A_or_B-arq_A_or_b
    Info (12023): Found entity 1: A_or_B
Info (12021): Found 2 design units, including 1 entities, in source file not_a.vhd
    Info (12022): Found design unit 1: not_a-arq_not_a
    Info (12023): Found entity 1: not_a
Info (12021): Found 2 design units, including 1 entities, in source file subtrator.vhd
    Info (12022): Found design unit 1: subtrator-arq_subtrator
    Info (12023): Found entity 1: subtrator
Info (12021): Found 2 design units, including 1 entities, in source file shift_l.vhd
    Info (12022): Found design unit 1: shift_r-arq_shift_r
    Info (12023): Found entity 1: shift_r
Info (12021): Found 2 design units, including 1 entities, in source file shift_r.vhd
    Info (12022): Found design unit 1: shift_l-arq_shift_l
    Info (12023): Found entity 1: shift_l
Info (12021): Found 2 design units, including 1 entities, in source file add.vhd
    Info (12022): Found design unit 1: add-arq_add
    Info (12023): Found entity 1: add
Info (12021): Found 2 design units, including 1 entities, in source file bits_7_display.vhd
    Info (12022): Found design unit 1: bits_7_display-arq_bits_7_display
    Info (12023): Found entity 1: bits_7_display
Info (12021): Found 2 design units, including 1 entities, in source file ula.vhd
    Info (12022): Found design unit 1: ULA-arq_ula
    Info (12023): Found entity 1: ULA
Info (12127): Elaborating entity "ULA" for the top level hierarchy
Warning (10541): VHDL Signal Declaration warning at ULA.vhd(10): used implicit default value for signal "AUX_1" because signal was never assigned a value or an explicit default value. Use of implicit default value may introduce unintended design optimizations.
Warning (10541): VHDL Signal Declaration warning at ULA.vhd(10): used implicit default value for signal "AUX_2" because signal was never assigned a value or an explicit default value. Use of implicit default value may introduce unintended design optimizations.
Critical Warning (10920): VHDL Incomplete Partial Association warning at ULA.vhd(143): port or argument "binary_input" has 1/5 unassociated elements
Info (12128): Elaborating entity "soma4bits" for hierarchy "soma4bits:add_op"
Info (12128): Elaborating entity "MS" for hierarchy "soma4bits:add_op|MS:M0"
Info (12128): Elaborating entity "SC" for hierarchy "soma4bits:add_op|SC:M1"
Info (12128): Elaborating entity "subtrator" for hierarchy "subtrator:sub_op"
Info (12128): Elaborating entity "A_and_B" for hierarchy "A_and_B:and_op"
Info (12128): Elaborating entity "A_or_B" for hierarchy "A_or_B:or_op"
Info (12128): Elaborating entity "not_a" for hierarchy "not_a:not_op"
Info (12128): Elaborating entity "shift_l" for hierarchy "shift_l:shift_l_op"
Info (12128): Elaborating entity "shift_r" for hierarchy "shift_r:shift_r_op"
Info (12128): Elaborating entity "bits_7_display" for hierarchy "bits_7_display:convert_to_7_display"
Warning (13024): Output pins are stuck at VCC or GND
    Warning (13410): Pin "AUX_1[0]" is stuck at GND
    Warning (13410): Pin "AUX_1[1]" is stuck at GND
    Warning (13410): Pin "AUX_2[0]" is stuck at GND
    Warning (13410): Pin "AUX_2[1]" is stuck at GND
    Warning (13410): Pin "s[8]" is stuck at GND
    Warning (13410): Pin "s[9]" is stuck at GND
    Warning (13410): Pin "s[13]" is stuck at VCC
Info (16010): Generating hard_block partition "hard_block:auto_generated_inst"
    Info (16011): Adding 0 node(s), including 0 DDIO, 0 PLL, 0 transceiver and 0 LCELL
Info (21057): Implemented 77 device resources after synthesis - the final resource count might be different
    Info (21058): Implemented 11 input pins
    Info (21059): Implemented 26 output pins
    Info (21061): Implemented 40 logic cells
Info: Quartus II 64-Bit Analysis & Synthesis was successful. 0 errors, 12 warnings
    Info: Peak virtual memory: 4635 megabytes
    Info: Processing ended: Fri Mar 15 15:05:39 2024
    Info: Elapsed time: 00:00:02
    Info: Total CPU time (on all processors): 00:00:02


