TimeQuest Timing Analyzer report for ula
Fri Mar 15 15:05:50 2024
Quartus II 64-Bit Version 13.0.1 Build 232 06/12/2013 Service Pack 1 SJ Web Edition


---------------------
; Table of Contents ;
---------------------
  1. Legal Notice
  2. TimeQuest Timing Analyzer Summary
  3. Parallel Compilation
  4. Clocks
  5. Slow Model Fmax Summary
  6. Slow Model Setup Summary
  7. Slow Model Hold Summary
  8. Slow Model Recovery Summary
  9. Slow Model Removal Summary
 10. Slow Model Minimum Pulse Width Summary
 11. Propagation Delay
 12. Minimum Propagation Delay
 13. Fast Model Setup Summary
 14. Fast Model Hold Summary
 15. Fast Model Recovery Summary
 16. Fast Model Removal Summary
 17. Fast Model Minimum Pulse Width Summary
 18. Propagation Delay
 19. Minimum Propagation Delay
 20. Multicorner Timing Analysis Summary
 21. Progagation Delay
 22. Minimum Progagation Delay
 23. Clock Transfers
 24. Report TCCS
 25. Report RSKM
 26. Unconstrained Paths
 27. TimeQuest Timing Analyzer Messages



----------------
; Legal Notice ;
----------------
Copyright (C) 1991-2013 Altera Corporation
Your use of Altera Corporation's design tools, logic functions 
and other software and tools, and its AMPP partner logic 
functions, and any output files from any of the foregoing 
(including device programming or simulation files), and any 
associated documentation or information are expressly subject 
to the terms and conditions of the Altera Program License 
Subscription Agreement, Altera MegaCore Function License 
Agreement, or other applicable license agreement, including, 
without limitation, that your use is for the sole purpose of 
programming logic devices manufactured by Altera and sold by 
Altera or its authorized distributors.  Please refer to the 
applicable agreement for further details.



+----------------------------------------------------------------------------------------+
; TimeQuest Timing Analyzer Summary                                                      ;
+--------------------+-------------------------------------------------------------------+
; Quartus II Version ; Version 13.0.1 Build 232 06/12/2013 Service Pack 1 SJ Web Edition ;
; Revision Name      ; ula                                                               ;
; Device Family      ; Cyclone II                                                        ;
; Device Name        ; EP2C35F672C6                                                      ;
; Timing Models      ; Final                                                             ;
; Delay Model        ; Combined                                                          ;
; Rise/Fall Delays   ; Unavailable                                                       ;
+--------------------+-------------------------------------------------------------------+


Parallel compilation was disabled, but you have multiple processors available. Enable parallel compilation to reduce compilation time.
+-------------------------------------+
; Parallel Compilation                ;
+----------------------------+--------+
; Processors                 ; Number ;
+----------------------------+--------+
; Number detected on machine ; 4      ;
; Maximum allowed            ; 1      ;
+----------------------------+--------+


----------
; Clocks ;
----------
No clocks to report.


---------------------------
; Slow Model Fmax Summary ;
---------------------------
No paths to report.


----------------------------
; Slow Model Setup Summary ;
----------------------------
No paths to report.


---------------------------
; Slow Model Hold Summary ;
---------------------------
No paths to report.


-------------------------------
; Slow Model Recovery Summary ;
-------------------------------
No paths to report.


------------------------------
; Slow Model Removal Summary ;
------------------------------
No paths to report.


------------------------------------------
; Slow Model Minimum Pulse Width Summary ;
------------------------------------------
No paths to report.


+--------------------------------------------------------------+
; Propagation Delay                                            ;
+------------+-------------+--------+--------+--------+--------+
; Input Port ; Output Port ; RR     ; RF     ; FR     ; FF     ;
+------------+-------------+--------+--------+--------+--------+
; a[0]       ; c           ; 10.496 ;        ;        ; 10.496 ;
; a[0]       ; n           ; 10.767 ; 10.767 ; 10.767 ; 10.767 ;
; a[0]       ; s[0]        ; 12.647 ; 12.647 ; 12.647 ; 12.647 ;
; a[0]       ; s[1]        ; 12.622 ; 12.622 ; 12.622 ; 12.622 ;
; a[0]       ; s[2]        ; 12.595 ; 12.595 ; 12.595 ; 12.595 ;
; a[0]       ; s[3]        ; 12.400 ; 12.400 ; 12.400 ; 12.400 ;
; a[0]       ; s[4]        ; 12.406 ; 12.406 ; 12.406 ; 12.406 ;
; a[0]       ; s[5]        ; 12.382 ; 12.382 ; 12.382 ; 12.382 ;
; a[0]       ; s[6]        ; 12.393 ; 12.393 ; 12.393 ; 12.393 ;
; a[0]       ; s[7]        ; 14.855 ; 14.855 ; 14.855 ; 14.855 ;
; a[0]       ; s[10]       ; 14.671 ; 14.671 ; 14.671 ; 14.671 ;
; a[0]       ; s[11]       ; 14.691 ; 14.691 ; 14.691 ; 14.691 ;
; a[0]       ; s[12]       ; 14.225 ; 14.225 ; 14.225 ; 14.225 ;
; a[0]       ; v           ; 10.768 ; 10.768 ; 10.768 ; 10.768 ;
; a[0]       ; y[0]        ; 8.093  ; 8.242  ; 8.242  ; 8.093  ;
; a[0]       ; y[1]        ; 10.898 ; 10.898 ; 10.898 ; 10.898 ;
; a[0]       ; y[2]        ; 11.100 ; 11.100 ; 11.100 ; 11.100 ;
; a[0]       ; y[3]        ; 10.510 ; 10.510 ; 10.510 ; 10.510 ;
; a[0]       ; z           ; 14.164 ; 14.164 ; 14.164 ; 14.164 ;
; a[1]       ; c           ; 9.873  ;        ;        ; 9.873  ;
; a[1]       ; n           ; 10.144 ; 10.144 ; 10.144 ; 10.144 ;
; a[1]       ; s[0]        ; 12.019 ; 12.019 ; 12.019 ; 12.019 ;
; a[1]       ; s[1]        ; 11.994 ; 11.994 ; 11.994 ; 11.994 ;
; a[1]       ; s[2]        ; 11.967 ; 11.967 ; 11.967 ; 11.967 ;
; a[1]       ; s[3]        ; 11.772 ; 11.772 ; 11.772 ; 11.772 ;
; a[1]       ; s[4]        ; 11.778 ; 11.778 ; 11.778 ; 11.778 ;
; a[1]       ; s[5]        ; 11.754 ; 11.754 ; 11.754 ; 11.754 ;
; a[1]       ; s[6]        ; 11.765 ; 11.765 ; 11.765 ; 11.765 ;
; a[1]       ; s[7]        ; 14.227 ; 14.227 ; 14.227 ; 14.227 ;
; a[1]       ; s[10]       ; 14.043 ; 14.043 ; 14.043 ; 14.043 ;
; a[1]       ; s[11]       ; 14.063 ; 14.063 ; 14.063 ; 14.063 ;
; a[1]       ; s[12]       ; 13.597 ; 13.597 ; 13.597 ; 13.597 ;
; a[1]       ; v           ; 10.145 ; 10.145 ; 10.145 ; 10.145 ;
; a[1]       ; y[0]        ; 7.658  ;        ;        ; 7.658  ;
; a[1]       ; y[1]        ; 10.278 ; 10.278 ; 10.278 ; 10.278 ;
; a[1]       ; y[2]        ; 10.472 ; 10.472 ; 10.472 ; 10.472 ;
; a[1]       ; y[3]        ; 9.887  ; 9.887  ; 9.887  ; 9.887  ;
; a[1]       ; z           ; 13.536 ; 13.536 ; 13.536 ; 13.536 ;
; a[2]       ; c           ; 9.190  ;        ;        ; 9.190  ;
; a[2]       ; n           ; 9.461  ; 9.461  ; 9.461  ; 9.461  ;
; a[2]       ; s[0]        ; 12.155 ; 12.155 ; 12.155 ; 12.155 ;
; a[2]       ; s[1]        ; 12.130 ; 12.130 ; 12.130 ; 12.130 ;
; a[2]       ; s[2]        ; 12.103 ; 12.103 ; 12.103 ; 12.103 ;
; a[2]       ; s[3]        ; 11.908 ; 11.908 ; 11.908 ; 11.908 ;
; a[2]       ; s[4]        ; 11.914 ; 11.914 ; 11.914 ; 11.914 ;
; a[2]       ; s[5]        ; 11.890 ; 11.890 ; 11.890 ; 11.890 ;
; a[2]       ; s[6]        ; 11.901 ; 11.901 ; 11.901 ; 11.901 ;
; a[2]       ; s[7]        ; 14.363 ; 14.363 ; 14.363 ; 14.363 ;
; a[2]       ; s[10]       ; 14.179 ; 14.179 ; 14.179 ; 14.179 ;
; a[2]       ; s[11]       ; 14.199 ; 14.199 ; 14.199 ; 14.199 ;
; a[2]       ; s[12]       ; 13.733 ; 13.733 ; 13.733 ; 13.733 ;
; a[2]       ; v           ; 9.462  ; 9.462  ; 9.462  ; 9.462  ;
; a[2]       ; y[1]        ; 9.828  ; 9.828  ; 9.828  ; 9.828  ;
; a[2]       ; y[2]        ; 10.608 ; 10.608 ; 10.608 ; 10.608 ;
; a[2]       ; y[3]        ; 9.204  ; 9.204  ; 9.204  ; 9.204  ;
; a[2]       ; z           ; 13.672 ; 13.672 ; 13.672 ; 13.672 ;
; a[3]       ; c           ; 6.860  ;        ;        ; 6.860  ;
; a[3]       ; n           ; 7.119  ; 7.119  ; 7.119  ; 7.119  ;
; a[3]       ; s[0]        ; 9.193  ; 9.193  ; 9.193  ; 9.193  ;
; a[3]       ; s[1]        ; 9.168  ; 9.168  ; 9.168  ; 9.168  ;
; a[3]       ; s[2]        ; 9.141  ; 9.141  ; 9.141  ; 9.141  ;
; a[3]       ; s[3]        ; 8.946  ; 8.946  ; 8.946  ; 8.946  ;
; a[3]       ; s[4]        ; 8.952  ; 8.952  ; 8.952  ; 8.952  ;
; a[3]       ; s[5]        ; 8.928  ; 8.928  ; 8.928  ; 8.928  ;
; a[3]       ; s[6]        ; 8.939  ; 8.939  ; 8.939  ; 8.939  ;
; a[3]       ; s[7]        ; 11.401 ; 11.401 ; 11.401 ; 11.401 ;
; a[3]       ; s[10]       ; 11.217 ; 11.217 ; 11.217 ; 11.217 ;
; a[3]       ; s[11]       ; 11.237 ; 11.237 ; 11.237 ; 11.237 ;
; a[3]       ; s[12]       ; 10.771 ; 10.771 ; 10.771 ; 10.771 ;
; a[3]       ; v           ; 7.128  ; 7.128  ; 7.128  ; 7.128  ;
; a[3]       ; y[2]        ; 7.646  ; 7.646  ; 7.646  ; 7.646  ;
; a[3]       ; y[3]        ; 7.680  ; 7.680  ; 7.680  ; 7.680  ;
; a[3]       ; z           ; 10.710 ; 10.710 ; 10.710 ; 10.710 ;
; b[0]       ; c           ; 8.124  ; 8.433  ; 8.433  ; 8.124  ;
; b[0]       ; n           ; 8.704  ; 8.704  ; 8.704  ; 8.704  ;
; b[0]       ; s[0]        ; 10.585 ; 10.585 ; 10.585 ; 10.585 ;
; b[0]       ; s[1]        ; 10.560 ; 10.560 ; 10.560 ; 10.560 ;
; b[0]       ; s[2]        ; 10.533 ; 10.533 ; 10.533 ; 10.533 ;
; b[0]       ; s[3]        ; 10.338 ; 10.338 ; 10.338 ; 10.338 ;
; b[0]       ; s[4]        ; 10.344 ; 10.344 ; 10.344 ; 10.344 ;
; b[0]       ; s[5]        ; 10.320 ; 10.320 ; 10.320 ; 10.320 ;
; b[0]       ; s[6]        ; 10.331 ; 10.331 ; 10.331 ; 10.331 ;
; b[0]       ; s[7]        ; 12.793 ; 12.793 ; 12.793 ; 12.793 ;
; b[0]       ; s[10]       ; 12.609 ; 12.609 ; 12.609 ; 12.609 ;
; b[0]       ; s[11]       ; 12.629 ; 12.629 ; 12.629 ; 12.629 ;
; b[0]       ; s[12]       ; 12.163 ; 12.163 ; 12.163 ; 12.163 ;
; b[0]       ; v           ; 8.705  ; 8.705  ; 8.705  ; 8.705  ;
; b[0]       ; y[0]        ; 6.169  ; 6.169  ; 6.169  ; 6.169  ;
; b[0]       ; y[1]        ; 8.834  ; 8.834  ; 8.834  ; 8.834  ;
; b[0]       ; y[2]        ; 9.038  ; 9.038  ; 9.038  ; 9.038  ;
; b[0]       ; y[3]        ; 8.447  ; 8.447  ; 8.447  ; 8.447  ;
; b[0]       ; z           ; 12.102 ; 12.102 ; 12.102 ; 12.102 ;
; b[1]       ; c           ; 8.305  ; 8.588  ; 8.588  ; 8.305  ;
; b[1]       ; n           ; 8.859  ; 8.859  ; 8.859  ; 8.859  ;
; b[1]       ; s[0]        ; 10.766 ; 10.766 ; 10.766 ; 10.766 ;
; b[1]       ; s[1]        ; 10.741 ; 10.741 ; 10.741 ; 10.741 ;
; b[1]       ; s[2]        ; 10.714 ; 10.714 ; 10.714 ; 10.714 ;
; b[1]       ; s[3]        ; 10.519 ; 10.519 ; 10.519 ; 10.519 ;
; b[1]       ; s[4]        ; 10.525 ; 10.525 ; 10.525 ; 10.525 ;
; b[1]       ; s[5]        ; 10.501 ; 10.501 ; 10.501 ; 10.501 ;
; b[1]       ; s[6]        ; 10.512 ; 10.512 ; 10.512 ; 10.512 ;
; b[1]       ; s[7]        ; 12.974 ; 12.974 ; 12.974 ; 12.974 ;
; b[1]       ; s[10]       ; 12.790 ; 12.790 ; 12.790 ; 12.790 ;
; b[1]       ; s[11]       ; 12.810 ; 12.810 ; 12.810 ; 12.810 ;
; b[1]       ; s[12]       ; 12.344 ; 12.344 ; 12.344 ; 12.344 ;
; b[1]       ; v           ; 8.860  ; 8.860  ; 8.860  ; 8.860  ;
; b[1]       ; y[1]        ; 9.017  ; 9.017  ; 9.017  ; 9.017  ;
; b[1]       ; y[2]        ; 9.219  ; 9.219  ; 9.219  ; 9.219  ;
; b[1]       ; y[3]        ; 8.602  ; 8.602  ; 8.602  ; 8.602  ;
; b[1]       ; z           ; 12.283 ; 12.283 ; 12.283 ; 12.283 ;
; b[2]       ; c           ; 7.095  ; 7.414  ; 7.414  ; 7.095  ;
; b[2]       ; n           ; 7.685  ; 7.685  ; 7.685  ; 7.685  ;
; b[2]       ; s[0]        ; 10.492 ; 10.492 ; 10.492 ; 10.492 ;
; b[2]       ; s[1]        ; 10.467 ; 10.467 ; 10.467 ; 10.467 ;
; b[2]       ; s[2]        ; 10.440 ; 10.440 ; 10.440 ; 10.440 ;
; b[2]       ; s[3]        ; 10.245 ; 10.245 ; 10.245 ; 10.245 ;
; b[2]       ; s[4]        ; 10.251 ; 10.251 ; 10.251 ; 10.251 ;
; b[2]       ; s[5]        ; 10.227 ; 10.227 ; 10.227 ; 10.227 ;
; b[2]       ; s[6]        ; 10.238 ; 10.238 ; 10.238 ; 10.238 ;
; b[2]       ; s[7]        ; 12.700 ; 12.700 ; 12.700 ; 12.700 ;
; b[2]       ; s[10]       ; 12.516 ; 12.516 ; 12.516 ; 12.516 ;
; b[2]       ; s[11]       ; 12.536 ; 12.536 ; 12.536 ; 12.536 ;
; b[2]       ; s[12]       ; 12.070 ; 12.070 ; 12.070 ; 12.070 ;
; b[2]       ; v           ; 7.686  ; 7.686  ; 7.686  ; 7.686  ;
; b[2]       ; y[2]        ; 8.945  ; 8.945  ; 8.945  ; 8.945  ;
; b[2]       ; y[3]        ; 7.428  ; 7.428  ; 7.428  ; 7.428  ;
; b[2]       ; z           ; 12.009 ; 12.009 ; 12.009 ; 12.009 ;
; b[3]       ; c           ; 8.165  ; 8.165  ; 8.165  ; 8.165  ;
; b[3]       ; n           ; 8.424  ; 8.424  ; 8.424  ; 8.424  ;
; b[3]       ; s[0]        ; 10.170 ; 10.170 ; 10.170 ; 10.170 ;
; b[3]       ; s[1]        ; 10.144 ; 10.144 ; 10.144 ; 10.144 ;
; b[3]       ; s[2]        ; 10.147 ; 10.147 ; 10.147 ; 10.147 ;
; b[3]       ; s[3]        ; 9.919  ; 9.919  ; 9.919  ; 9.919  ;
; b[3]       ; s[4]        ; 9.928  ; 9.928  ; 9.928  ; 9.928  ;
; b[3]       ; s[5]        ; 9.905  ; 9.905  ; 9.905  ; 9.905  ;
; b[3]       ; s[6]        ; 9.916  ; 9.916  ; 9.916  ; 9.916  ;
; b[3]       ; s[7]        ; 12.378 ; 12.378 ; 12.378 ; 12.378 ;
; b[3]       ; s[10]       ; 12.194 ; 12.194 ; 12.194 ; 12.194 ;
; b[3]       ; s[11]       ; 12.214 ; 12.214 ; 12.214 ; 12.214 ;
; b[3]       ; s[12]       ; 11.748 ; 11.748 ; 11.748 ; 11.748 ;
; b[3]       ; v           ; 8.432  ; 8.432  ; 8.432  ; 8.432  ;
; b[3]       ; y[3]        ; 8.988  ; 8.988  ; 8.988  ; 8.988  ;
; b[3]       ; z           ; 11.726 ; 11.726 ; 11.726 ; 11.726 ;
; sel[0]     ; s[0]        ; 15.566 ; 15.566 ; 15.566 ; 15.566 ;
; sel[0]     ; s[1]        ; 15.541 ; 15.541 ; 15.541 ; 15.541 ;
; sel[0]     ; s[2]        ; 15.514 ; 15.514 ; 15.514 ; 15.514 ;
; sel[0]     ; s[3]        ; 15.319 ; 15.319 ; 15.319 ; 15.319 ;
; sel[0]     ; s[4]        ; 15.325 ; 15.325 ; 15.325 ; 15.325 ;
; sel[0]     ; s[5]        ; 15.301 ; 15.301 ; 15.301 ; 15.301 ;
; sel[0]     ; s[6]        ; 15.312 ; 15.312 ; 15.312 ; 15.312 ;
; sel[0]     ; s[7]        ; 17.774 ; 17.774 ; 17.774 ; 17.774 ;
; sel[0]     ; s[10]       ; 17.590 ; 17.590 ; 17.590 ; 17.590 ;
; sel[0]     ; s[11]       ; 17.610 ; 17.610 ; 17.610 ; 17.610 ;
; sel[0]     ; s[12]       ; 17.144 ; 17.144 ; 17.144 ; 17.144 ;
; sel[0]     ; y[0]        ; 11.263 ; 11.263 ; 11.263 ; 11.263 ;
; sel[0]     ; y[1]        ; 13.486 ; 13.486 ; 13.486 ; 13.486 ;
; sel[0]     ; y[2]        ; 14.019 ; 14.019 ; 14.019 ; 14.019 ;
; sel[0]     ; y[3]        ; 12.888 ; 12.888 ; 12.888 ; 12.888 ;
; sel[0]     ; z           ; 17.083 ; 17.083 ; 17.083 ; 17.083 ;
; sel[1]     ; s[0]        ; 15.242 ; 15.242 ; 15.242 ; 15.242 ;
; sel[1]     ; s[1]        ; 15.217 ; 15.217 ; 15.217 ; 15.217 ;
; sel[1]     ; s[2]        ; 15.190 ; 15.190 ; 15.190 ; 15.190 ;
; sel[1]     ; s[3]        ; 14.995 ; 14.995 ; 14.995 ; 14.995 ;
; sel[1]     ; s[4]        ; 15.001 ; 15.001 ; 15.001 ; 15.001 ;
; sel[1]     ; s[5]        ; 14.977 ; 14.977 ; 14.977 ; 14.977 ;
; sel[1]     ; s[6]        ; 14.988 ; 14.988 ; 14.988 ; 14.988 ;
; sel[1]     ; s[7]        ; 17.450 ; 17.450 ; 17.450 ; 17.450 ;
; sel[1]     ; s[10]       ; 17.266 ; 17.266 ; 17.266 ; 17.266 ;
; sel[1]     ; s[11]       ; 17.286 ; 17.286 ; 17.286 ; 17.286 ;
; sel[1]     ; s[12]       ; 16.820 ; 16.820 ; 16.820 ; 16.820 ;
; sel[1]     ; y[0]        ; 11.540 ; 10.842 ; 10.842 ; 11.540 ;
; sel[1]     ; y[1]        ; 13.768 ; 13.768 ; 13.768 ; 13.768 ;
; sel[1]     ; y[2]        ; 13.695 ; 13.695 ; 13.695 ; 13.695 ;
; sel[1]     ; y[3]        ; 10.979 ; 10.979 ; 10.979 ; 10.979 ;
; sel[1]     ; z           ; 16.759 ; 16.759 ; 16.759 ; 16.759 ;
; sel[2]     ; s[0]        ; 14.720 ; 14.720 ; 14.720 ; 14.720 ;
; sel[2]     ; s[1]        ; 14.695 ; 14.695 ; 14.695 ; 14.695 ;
; sel[2]     ; s[2]        ; 14.668 ; 14.668 ; 14.668 ; 14.668 ;
; sel[2]     ; s[3]        ; 14.473 ; 14.473 ; 14.473 ; 14.473 ;
; sel[2]     ; s[4]        ; 14.479 ; 14.479 ; 14.479 ; 14.479 ;
; sel[2]     ; s[5]        ; 14.455 ; 14.455 ; 14.455 ; 14.455 ;
; sel[2]     ; s[6]        ; 14.466 ; 14.466 ; 14.466 ; 14.466 ;
; sel[2]     ; s[7]        ; 16.928 ; 16.928 ; 16.928 ; 16.928 ;
; sel[2]     ; s[10]       ; 16.744 ; 16.744 ; 16.744 ; 16.744 ;
; sel[2]     ; s[11]       ; 16.764 ; 16.764 ; 16.764 ; 16.764 ;
; sel[2]     ; s[12]       ; 16.298 ; 16.298 ; 16.298 ; 16.298 ;
; sel[2]     ; y[0]        ; 11.100 ; 10.579 ; 10.579 ; 11.100 ;
; sel[2]     ; y[1]        ; 13.014 ; 13.014 ; 13.014 ; 13.014 ;
; sel[2]     ; y[2]        ; 13.173 ; 13.173 ; 13.173 ; 13.173 ;
; sel[2]     ; y[3]        ; 12.281 ; 12.281 ; 12.281 ; 12.281 ;
; sel[2]     ; z           ; 16.237 ; 16.237 ; 16.237 ; 16.237 ;
+------------+-------------+--------+--------+--------+--------+


+--------------------------------------------------------------+
; Minimum Propagation Delay                                    ;
+------------+-------------+--------+--------+--------+--------+
; Input Port ; Output Port ; RR     ; RF     ; FR     ; FF     ;
+------------+-------------+--------+--------+--------+--------+
; a[0]       ; c           ; 10.186 ;        ;        ; 10.186 ;
; a[0]       ; n           ; 10.767 ; 10.767 ; 10.767 ; 10.767 ;
; a[0]       ; s[0]        ; 9.328  ; 9.328  ; 9.328  ; 9.328  ;
; a[0]       ; s[1]        ; 9.322  ; 9.322  ; 9.322  ; 9.322  ;
; a[0]       ; s[2]        ; 9.337  ; 9.337  ; 9.337  ; 9.337  ;
; a[0]       ; s[3]        ; 9.116  ; 9.116  ; 9.116  ; 9.116  ;
; a[0]       ; s[4]        ; 9.099  ; 9.099  ; 9.099  ; 9.099  ;
; a[0]       ; s[5]        ; 9.100  ; 9.100  ; 9.100  ; 9.100  ;
; a[0]       ; s[6]        ; 9.086  ; 9.086  ; 9.086  ; 9.086  ;
; a[0]       ; s[7]        ; 11.430 ; 11.430 ; 11.430 ; 11.430 ;
; a[0]       ; s[10]       ; 11.246 ; 11.246 ; 11.246 ; 11.246 ;
; a[0]       ; s[11]       ; 11.266 ; 11.266 ; 11.266 ; 11.266 ;
; a[0]       ; s[12]       ; 10.800 ; 10.800 ; 10.800 ; 10.800 ;
; a[0]       ; v           ; 10.453 ; 10.453 ; 10.453 ; 10.453 ;
; a[0]       ; y[0]        ; 8.093  ; 8.093  ; 8.093  ; 8.093  ;
; a[0]       ; y[1]        ; 7.927  ; 7.927  ; 7.927  ; 7.927  ;
; a[0]       ; y[2]        ; 9.255  ; 9.255  ; 9.255  ; 9.255  ;
; a[0]       ; y[3]        ; 10.303 ; 10.303 ; 10.303 ; 10.303 ;
; a[0]       ; z           ; 10.852 ; 10.852 ; 10.852 ; 10.852 ;
; a[1]       ; c           ; 9.558  ;        ;        ; 9.558  ;
; a[1]       ; n           ; 10.144 ; 10.144 ; 10.144 ; 10.144 ;
; a[1]       ; s[0]        ; 8.353  ; 8.353  ; 8.353  ; 8.353  ;
; a[1]       ; s[1]        ; 8.347  ; 8.347  ; 8.347  ; 8.347  ;
; a[1]       ; s[2]        ; 8.362  ; 8.362  ; 8.362  ; 8.362  ;
; a[1]       ; s[3]        ; 8.141  ; 8.141  ; 8.141  ; 8.141  ;
; a[1]       ; s[4]        ; 8.127  ; 8.127  ; 8.127  ; 8.127  ;
; a[1]       ; s[5]        ; 8.125  ; 8.125  ; 8.125  ; 8.125  ;
; a[1]       ; s[6]        ; 8.111  ; 8.111  ; 8.111  ; 8.111  ;
; a[1]       ; s[7]        ; 10.455 ; 10.455 ; 10.455 ; 10.455 ;
; a[1]       ; s[10]       ; 10.271 ; 10.271 ; 10.271 ; 10.271 ;
; a[1]       ; s[11]       ; 10.291 ; 10.291 ; 10.291 ; 10.291 ;
; a[1]       ; s[12]       ; 9.825  ; 9.825  ; 9.825  ; 9.825  ;
; a[1]       ; v           ; 9.825  ; 9.825  ; 9.825  ; 9.825  ;
; a[1]       ; y[0]        ; 7.658  ;        ;        ; 7.658  ;
; a[1]       ; y[1]        ; 6.952  ; 6.952  ; 6.952  ; 6.952  ;
; a[1]       ; y[2]        ; 8.001  ; 8.402  ; 8.402  ; 8.001  ;
; a[1]       ; y[3]        ; 9.675  ; 9.675  ; 9.675  ; 9.675  ;
; a[1]       ; z           ; 9.877  ; 9.877  ; 9.877  ; 9.877  ;
; a[2]       ; c           ; 8.882  ;        ;        ; 8.882  ;
; a[2]       ; n           ; 9.461  ; 9.461  ; 9.461  ; 9.461  ;
; a[2]       ; s[0]        ; 9.063  ; 9.063  ; 9.063  ; 9.063  ;
; a[2]       ; s[1]        ; 9.037  ; 9.037  ; 9.037  ; 9.037  ;
; a[2]       ; s[2]        ; 9.040  ; 9.040  ; 9.040  ; 9.040  ;
; a[2]       ; s[3]        ; 8.812  ; 8.812  ; 8.812  ; 8.812  ;
; a[2]       ; s[4]        ; 8.821  ; 8.821  ; 8.821  ; 8.821  ;
; a[2]       ; s[5]        ; 8.798  ; 8.798  ; 8.798  ; 8.798  ;
; a[2]       ; s[6]        ; 8.809  ; 8.809  ; 8.809  ; 8.809  ;
; a[2]       ; s[7]        ; 11.271 ; 11.452 ; 11.452 ; 11.271 ;
; a[2]       ; s[10]       ; 11.087 ; 11.268 ; 11.268 ; 11.087 ;
; a[2]       ; s[11]       ; 11.107 ; 11.288 ; 11.288 ; 11.107 ;
; a[2]       ; s[12]       ; 10.641 ; 10.822 ; 10.822 ; 10.641 ;
; a[2]       ; v           ; 9.149  ; 9.149  ; 9.149  ; 9.149  ;
; a[2]       ; y[1]        ; 8.839  ; 8.839  ; 8.839  ; 8.839  ;
; a[2]       ; y[2]        ; 7.697  ; 7.697  ; 7.697  ; 7.697  ;
; a[2]       ; y[3]        ; 7.881  ; 8.999  ; 8.999  ; 7.881  ;
; a[2]       ; z           ; 10.761 ; 10.619 ; 10.619 ; 10.761 ;
; a[3]       ; c           ; 6.860  ;        ;        ; 6.860  ;
; a[3]       ; n           ; 7.119  ; 7.119  ; 7.119  ; 7.119  ;
; a[3]       ; s[0]        ; 7.307  ; 7.307  ; 7.307  ; 7.307  ;
; a[3]       ; s[1]        ; 7.281  ; 7.281  ; 7.281  ; 7.281  ;
; a[3]       ; s[2]        ; 7.284  ; 7.284  ; 7.284  ; 7.284  ;
; a[3]       ; s[3]        ; 7.056  ; 7.056  ; 7.056  ; 7.056  ;
; a[3]       ; s[4]        ; 7.065  ; 7.065  ; 7.065  ; 7.065  ;
; a[3]       ; s[5]        ; 7.042  ; 7.042  ; 7.042  ; 7.042  ;
; a[3]       ; s[6]        ; 7.053  ; 7.053  ; 7.053  ; 7.053  ;
; a[3]       ; s[7]        ; 10.252 ; 9.515  ; 9.515  ; 10.252 ;
; a[3]       ; s[10]       ; 10.068 ; 9.331  ; 9.331  ; 10.068 ;
; a[3]       ; s[11]       ; 10.088 ; 9.351  ; 9.351  ; 10.088 ;
; a[3]       ; s[12]       ; 9.622  ; 8.885  ; 8.885  ; 9.622  ;
; a[3]       ; v           ; 7.128  ; 7.128  ; 7.128  ; 7.128  ;
; a[3]       ; y[2]        ; 7.245  ; 7.646  ; 7.646  ; 7.245  ;
; a[3]       ; y[3]        ; 6.862  ; 6.125  ; 6.125  ; 6.862  ;
; a[3]       ; z           ; 8.863  ; 9.600  ; 9.600  ; 8.863  ;
; b[0]       ; c           ; 8.124  ; 8.433  ; 8.433  ; 8.124  ;
; b[0]       ; n           ; 8.704  ; 8.704  ; 8.704  ; 8.704  ;
; b[0]       ; s[0]        ; 7.460  ; 7.460  ; 7.460  ; 7.460  ;
; b[0]       ; s[1]        ; 7.424  ; 7.424  ; 7.424  ; 7.424  ;
; b[0]       ; s[2]        ; 7.442  ; 7.442  ; 7.442  ; 7.442  ;
; b[0]       ; s[3]        ; 7.218  ; 7.218  ; 7.218  ; 7.218  ;
; b[0]       ; s[4]        ; 7.175  ; 7.175  ; 7.175  ; 7.175  ;
; b[0]       ; s[5]        ; 7.202  ; 7.202  ; 7.202  ; 7.202  ;
; b[0]       ; s[6]        ; 7.188  ; 7.188  ; 7.188  ; 7.188  ;
; b[0]       ; s[7]        ; 10.060 ; 10.060 ; 10.060 ; 10.060 ;
; b[0]       ; s[10]       ; 9.876  ; 9.876  ; 9.876  ; 9.876  ;
; b[0]       ; s[11]       ; 9.896  ; 9.896  ; 9.896  ; 9.896  ;
; b[0]       ; s[12]       ; 9.430  ; 9.430  ; 9.430  ; 9.430  ;
; b[0]       ; v           ; 8.391  ; 8.391  ; 8.391  ; 8.391  ;
; b[0]       ; y[0]        ; 6.169  ; 6.169  ; 6.169  ; 6.169  ;
; b[0]       ; y[1]        ; 6.557  ; 6.557  ; 6.557  ; 6.557  ;
; b[0]       ; y[2]        ; 7.192  ; 7.192  ; 7.192  ; 7.192  ;
; b[0]       ; y[3]        ; 8.241  ; 8.241  ; 8.241  ; 8.241  ;
; b[0]       ; z           ; 9.003  ; 9.003  ; 9.003  ; 9.003  ;
; b[1]       ; c           ; 8.305  ; 8.588  ; 8.588  ; 8.305  ;
; b[1]       ; n           ; 8.859  ; 8.859  ; 8.859  ; 8.859  ;
; b[1]       ; s[0]        ; 7.857  ; 7.857  ; 7.857  ; 7.857  ;
; b[1]       ; s[1]        ; 7.851  ; 7.851  ; 7.851  ; 7.851  ;
; b[1]       ; s[2]        ; 7.866  ; 7.866  ; 7.866  ; 7.866  ;
; b[1]       ; s[3]        ; 7.645  ; 7.645  ; 7.645  ; 7.645  ;
; b[1]       ; s[4]        ; 7.631  ; 7.631  ; 7.631  ; 7.631  ;
; b[1]       ; s[5]        ; 7.629  ; 7.629  ; 7.629  ; 7.629  ;
; b[1]       ; s[6]        ; 7.615  ; 7.615  ; 7.615  ; 7.615  ;
; b[1]       ; s[7]        ; 9.959  ; 9.959  ; 9.959  ; 9.959  ;
; b[1]       ; s[10]       ; 9.775  ; 9.775  ; 9.775  ; 9.775  ;
; b[1]       ; s[11]       ; 9.795  ; 9.795  ; 9.795  ; 9.795  ;
; b[1]       ; s[12]       ; 9.329  ; 9.329  ; 9.329  ; 9.329  ;
; b[1]       ; v           ; 8.572  ; 8.572  ; 8.572  ; 8.572  ;
; b[1]       ; y[1]        ; 6.456  ; 6.456  ; 6.456  ; 6.456  ;
; b[1]       ; y[2]        ; 7.347  ; 7.347  ; 7.347  ; 7.347  ;
; b[1]       ; y[3]        ; 8.422  ; 8.422  ; 8.422  ; 8.422  ;
; b[1]       ; z           ; 9.381  ; 9.381  ; 9.381  ; 9.381  ;
; b[2]       ; c           ; 7.095  ; 7.414  ; 7.414  ; 7.095  ;
; b[2]       ; n           ; 7.685  ; 7.685  ; 7.685  ; 7.685  ;
; b[2]       ; s[0]        ; 7.463  ; 7.463  ; 7.463  ; 7.463  ;
; b[2]       ; s[1]        ; 7.438  ; 7.438  ; 7.438  ; 7.438  ;
; b[2]       ; s[2]        ; 7.411  ; 7.411  ; 7.411  ; 7.411  ;
; b[2]       ; s[3]        ; 7.216  ; 7.216  ; 7.216  ; 7.216  ;
; b[2]       ; s[4]        ; 7.222  ; 7.222  ; 7.222  ; 7.222  ;
; b[2]       ; s[5]        ; 7.198  ; 7.198  ; 7.198  ; 7.198  ;
; b[2]       ; s[6]        ; 7.209  ; 7.209  ; 7.209  ; 7.209  ;
; b[2]       ; s[7]        ; 9.671  ; 9.671  ; 9.671  ; 9.671  ;
; b[2]       ; s[10]       ; 9.487  ; 9.487  ; 9.487  ; 9.487  ;
; b[2]       ; s[11]       ; 9.507  ; 9.507  ; 9.507  ; 9.507  ;
; b[2]       ; s[12]       ; 9.041  ; 9.041  ; 9.041  ; 9.041  ;
; b[2]       ; v           ; 7.362  ; 7.362  ; 7.362  ; 7.362  ;
; b[2]       ; y[2]        ; 5.916  ; 5.916  ; 5.916  ; 5.916  ;
; b[2]       ; y[3]        ; 7.212  ; 7.212  ; 7.212  ; 7.212  ;
; b[2]       ; z           ; 8.980  ; 8.980  ; 8.980  ; 8.980  ;
; b[3]       ; c           ; 8.165  ; 8.165  ; 8.165  ; 8.165  ;
; b[3]       ; n           ; 8.424  ; 8.424  ; 8.424  ; 8.424  ;
; b[3]       ; s[0]        ; 9.349  ; 9.349  ; 9.349  ; 9.349  ;
; b[3]       ; s[1]        ; 9.323  ; 9.323  ; 9.323  ; 9.323  ;
; b[3]       ; s[2]        ; 9.326  ; 9.326  ; 9.326  ; 9.326  ;
; b[3]       ; s[3]        ; 9.098  ; 9.098  ; 9.098  ; 9.098  ;
; b[3]       ; s[4]        ; 9.107  ; 9.107  ; 9.107  ; 9.107  ;
; b[3]       ; s[5]        ; 9.084  ; 9.084  ; 9.084  ; 9.084  ;
; b[3]       ; s[6]        ; 9.095  ; 9.095  ; 9.095  ; 9.095  ;
; b[3]       ; s[7]        ; 11.557 ; 11.557 ; 11.557 ; 11.557 ;
; b[3]       ; s[10]       ; 11.373 ; 11.373 ; 11.373 ; 11.373 ;
; b[3]       ; s[11]       ; 11.393 ; 11.393 ; 11.393 ; 11.393 ;
; b[3]       ; s[12]       ; 10.927 ; 10.927 ; 10.927 ; 10.927 ;
; b[3]       ; v           ; 8.432  ; 8.432  ; 8.432  ; 8.432  ;
; b[3]       ; y[3]        ; 8.167  ; 8.167  ; 8.167  ; 8.167  ;
; b[3]       ; z           ; 10.905 ; 10.905 ; 10.905 ; 10.905 ;
; sel[0]     ; s[0]        ; 12.368 ; 12.368 ; 12.368 ; 12.368 ;
; sel[0]     ; s[1]        ; 12.332 ; 12.332 ; 12.332 ; 12.332 ;
; sel[0]     ; s[2]        ; 12.350 ; 12.350 ; 12.350 ; 12.350 ;
; sel[0]     ; s[3]        ; 12.126 ; 12.126 ; 12.126 ; 12.126 ;
; sel[0]     ; s[4]        ; 12.083 ; 12.083 ; 12.083 ; 12.083 ;
; sel[0]     ; s[5]        ; 12.110 ; 12.110 ; 12.110 ; 12.110 ;
; sel[0]     ; s[6]        ; 12.096 ; 12.096 ; 12.096 ; 12.096 ;
; sel[0]     ; s[7]        ; 14.861 ; 14.861 ; 14.861 ; 14.861 ;
; sel[0]     ; s[10]       ; 14.677 ; 14.677 ; 14.677 ; 14.677 ;
; sel[0]     ; s[11]       ; 14.697 ; 14.697 ; 14.697 ; 14.697 ;
; sel[0]     ; s[12]       ; 14.231 ; 14.231 ; 14.231 ; 14.231 ;
; sel[0]     ; y[0]        ; 11.077 ; 11.077 ; 11.077 ; 11.077 ;
; sel[0]     ; y[1]        ; 11.493 ; 11.493 ; 11.493 ; 11.493 ;
; sel[0]     ; y[2]        ; 12.289 ; 12.289 ; 12.289 ; 12.289 ;
; sel[0]     ; y[3]        ; 11.471 ; 11.471 ; 11.471 ; 11.471 ;
; sel[0]     ; z           ; 13.911 ; 13.911 ; 13.911 ; 13.911 ;
; sel[1]     ; s[0]        ; 12.133 ; 12.133 ; 12.133 ; 12.133 ;
; sel[1]     ; s[1]        ; 12.097 ; 12.097 ; 12.097 ; 12.097 ;
; sel[1]     ; s[2]        ; 12.115 ; 12.138 ; 12.138 ; 12.115 ;
; sel[1]     ; s[3]        ; 11.891 ; 11.891 ; 11.891 ; 11.891 ;
; sel[1]     ; s[4]        ; 11.919 ; 11.848 ; 11.848 ; 11.919 ;
; sel[1]     ; s[5]        ; 11.896 ; 11.875 ; 11.875 ; 11.896 ;
; sel[1]     ; s[6]        ; 11.907 ; 11.861 ; 11.861 ; 11.907 ;
; sel[1]     ; s[7]        ; 14.369 ; 14.369 ; 14.369 ; 14.369 ;
; sel[1]     ; s[10]       ; 14.185 ; 14.185 ; 14.185 ; 14.185 ;
; sel[1]     ; s[11]       ; 14.205 ; 14.205 ; 14.205 ; 14.205 ;
; sel[1]     ; s[12]       ; 13.739 ; 13.739 ; 13.739 ; 13.739 ;
; sel[1]     ; y[0]        ; 11.540 ; 10.842 ; 10.842 ; 11.540 ;
; sel[1]     ; y[1]        ; 11.237 ; 11.237 ; 11.237 ; 11.237 ;
; sel[1]     ; y[2]        ; 11.628 ; 11.628 ; 11.628 ; 11.628 ;
; sel[1]     ; y[3]        ; 10.979 ; 10.979 ; 10.979 ; 10.979 ;
; sel[1]     ; z           ; 13.676 ; 13.717 ; 13.717 ; 13.676 ;
; sel[2]     ; s[0]        ; 11.870 ; 11.870 ; 11.870 ; 11.870 ;
; sel[2]     ; s[1]        ; 11.834 ; 11.834 ; 11.834 ; 11.834 ;
; sel[2]     ; s[2]        ; 11.852 ; 12.373 ; 12.373 ; 11.852 ;
; sel[2]     ; s[3]        ; 11.628 ; 11.628 ; 11.628 ; 11.628 ;
; sel[2]     ; s[4]        ; 12.106 ; 11.585 ; 11.585 ; 12.106 ;
; sel[2]     ; s[5]        ; 12.133 ; 11.612 ; 11.612 ; 12.133 ;
; sel[2]     ; s[6]        ; 12.119 ; 11.598 ; 11.598 ; 12.119 ;
; sel[2]     ; s[7]        ; 14.926 ; 14.926 ; 14.926 ; 14.926 ;
; sel[2]     ; s[10]       ; 14.742 ; 14.742 ; 14.742 ; 14.742 ;
; sel[2]     ; s[11]       ; 14.762 ; 14.762 ; 14.762 ; 14.762 ;
; sel[2]     ; s[12]       ; 14.296 ; 14.296 ; 14.296 ; 14.296 ;
; sel[2]     ; y[0]        ; 11.100 ; 10.579 ; 10.579 ; 11.100 ;
; sel[2]     ; y[1]        ; 11.495 ; 11.495 ; 11.495 ; 11.495 ;
; sel[2]     ; y[2]        ; 11.886 ; 11.886 ; 11.886 ; 11.886 ;
; sel[2]     ; y[3]        ; 11.536 ; 11.536 ; 11.536 ; 11.536 ;
; sel[2]     ; z           ; 13.413 ; 13.934 ; 13.934 ; 13.413 ;
+------------+-------------+--------+--------+--------+--------+


----------------------------
; Fast Model Setup Summary ;
----------------------------
No paths to report.


---------------------------
; Fast Model Hold Summary ;
---------------------------
No paths to report.


-------------------------------
; Fast Model Recovery Summary ;
-------------------------------
No paths to report.


------------------------------
; Fast Model Removal Summary ;
------------------------------
No paths to report.


------------------------------------------
; Fast Model Minimum Pulse Width Summary ;
------------------------------------------
No paths to report.


+----------------------------------------------------------+
; Propagation Delay                                        ;
+------------+-------------+-------+-------+-------+-------+
; Input Port ; Output Port ; RR    ; RF    ; FR    ; FF    ;
+------------+-------------+-------+-------+-------+-------+
; a[0]       ; c           ; 5.296 ;       ;       ; 5.296 ;
; a[0]       ; n           ; 5.385 ; 5.385 ; 5.385 ; 5.385 ;
; a[0]       ; s[0]        ; 6.203 ; 6.203 ; 6.203 ; 6.203 ;
; a[0]       ; s[1]        ; 6.184 ; 6.184 ; 6.184 ; 6.184 ;
; a[0]       ; s[2]        ; 6.189 ; 6.189 ; 6.189 ; 6.189 ;
; a[0]       ; s[3]        ; 6.085 ; 6.085 ; 6.085 ; 6.085 ;
; a[0]       ; s[4]        ; 6.089 ; 6.089 ; 6.089 ; 6.089 ;
; a[0]       ; s[5]        ; 6.071 ; 6.071 ; 6.071 ; 6.071 ;
; a[0]       ; s[6]        ; 6.078 ; 6.078 ; 6.078 ; 6.078 ;
; a[0]       ; s[7]        ; 7.218 ; 7.218 ; 7.218 ; 7.218 ;
; a[0]       ; s[10]       ; 7.073 ; 7.073 ; 7.073 ; 7.073 ;
; a[0]       ; s[11]       ; 7.093 ; 7.093 ; 7.093 ; 7.093 ;
; a[0]       ; s[12]       ; 6.893 ; 6.893 ; 6.893 ; 6.893 ;
; a[0]       ; v           ; 5.387 ; 5.387 ; 5.387 ; 5.387 ;
; a[0]       ; y[0]        ; 4.207 ; 4.287 ; 4.287 ; 4.207 ;
; a[0]       ; y[1]        ; 5.397 ; 5.397 ; 5.397 ; 5.397 ;
; a[0]       ; y[2]        ; 5.527 ; 5.527 ; 5.527 ; 5.527 ;
; a[0]       ; y[3]        ; 5.233 ; 5.233 ; 5.233 ; 5.233 ;
; a[0]       ; z           ; 6.932 ; 6.932 ; 6.932 ; 6.932 ;
; a[1]       ; c           ; 4.984 ;       ;       ; 4.984 ;
; a[1]       ; n           ; 5.073 ; 5.073 ; 5.073 ; 5.073 ;
; a[1]       ; s[0]        ; 5.888 ; 5.888 ; 5.888 ; 5.888 ;
; a[1]       ; s[1]        ; 5.869 ; 5.869 ; 5.869 ; 5.869 ;
; a[1]       ; s[2]        ; 5.874 ; 5.874 ; 5.874 ; 5.874 ;
; a[1]       ; s[3]        ; 5.770 ; 5.770 ; 5.770 ; 5.770 ;
; a[1]       ; s[4]        ; 5.774 ; 5.774 ; 5.774 ; 5.774 ;
; a[1]       ; s[5]        ; 5.756 ; 5.756 ; 5.756 ; 5.756 ;
; a[1]       ; s[6]        ; 5.763 ; 5.763 ; 5.763 ; 5.763 ;
; a[1]       ; s[7]        ; 6.903 ; 6.903 ; 6.903 ; 6.903 ;
; a[1]       ; s[10]       ; 6.758 ; 6.758 ; 6.758 ; 6.758 ;
; a[1]       ; s[11]       ; 6.778 ; 6.778 ; 6.778 ; 6.778 ;
; a[1]       ; s[12]       ; 6.578 ; 6.578 ; 6.578 ; 6.578 ;
; a[1]       ; v           ; 5.075 ; 5.075 ; 5.075 ; 5.075 ;
; a[1]       ; y[0]        ; 3.980 ;       ;       ; 3.980 ;
; a[1]       ; y[1]        ; 5.087 ; 5.087 ; 5.087 ; 5.087 ;
; a[1]       ; y[2]        ; 5.212 ; 5.212 ; 5.212 ; 5.212 ;
; a[1]       ; y[3]        ; 4.921 ; 4.921 ; 4.921 ; 4.921 ;
; a[1]       ; z           ; 6.617 ; 6.617 ; 6.617 ; 6.617 ;
; a[2]       ; c           ; 4.685 ;       ;       ; 4.685 ;
; a[2]       ; n           ; 4.774 ; 4.774 ; 4.774 ; 4.774 ;
; a[2]       ; s[0]        ; 5.932 ; 5.932 ; 5.932 ; 5.932 ;
; a[2]       ; s[1]        ; 5.913 ; 5.913 ; 5.913 ; 5.913 ;
; a[2]       ; s[2]        ; 5.918 ; 5.918 ; 5.918 ; 5.918 ;
; a[2]       ; s[3]        ; 5.814 ; 5.814 ; 5.814 ; 5.814 ;
; a[2]       ; s[4]        ; 5.818 ; 5.818 ; 5.818 ; 5.818 ;
; a[2]       ; s[5]        ; 5.800 ; 5.800 ; 5.800 ; 5.800 ;
; a[2]       ; s[6]        ; 5.807 ; 5.807 ; 5.807 ; 5.807 ;
; a[2]       ; s[7]        ; 6.947 ; 6.947 ; 6.947 ; 6.947 ;
; a[2]       ; s[10]       ; 6.802 ; 6.802 ; 6.802 ; 6.802 ;
; a[2]       ; s[11]       ; 6.822 ; 6.822 ; 6.822 ; 6.822 ;
; a[2]       ; s[12]       ; 6.622 ; 6.622 ; 6.622 ; 6.622 ;
; a[2]       ; v           ; 4.776 ; 4.776 ; 4.776 ; 4.776 ;
; a[2]       ; y[1]        ; 4.875 ; 4.875 ; 4.875 ; 4.875 ;
; a[2]       ; y[2]        ; 5.256 ; 5.256 ; 5.256 ; 5.256 ;
; a[2]       ; y[3]        ; 4.622 ; 4.622 ; 4.622 ; 4.622 ;
; a[2]       ; z           ; 6.661 ; 6.661 ; 6.661 ; 6.661 ;
; a[3]       ; c           ; 3.527 ;       ;       ; 3.527 ;
; a[3]       ; n           ; 3.598 ; 3.598 ; 3.598 ; 3.598 ;
; a[3]       ; s[0]        ; 4.494 ; 4.494 ; 4.494 ; 4.494 ;
; a[3]       ; s[1]        ; 4.475 ; 4.475 ; 4.475 ; 4.475 ;
; a[3]       ; s[2]        ; 4.480 ; 4.480 ; 4.480 ; 4.480 ;
; a[3]       ; s[3]        ; 4.376 ; 4.376 ; 4.376 ; 4.376 ;
; a[3]       ; s[4]        ; 4.380 ; 4.380 ; 4.380 ; 4.380 ;
; a[3]       ; s[5]        ; 4.362 ; 4.362 ; 4.362 ; 4.362 ;
; a[3]       ; s[6]        ; 4.369 ; 4.369 ; 4.369 ; 4.369 ;
; a[3]       ; s[7]        ; 5.509 ; 5.509 ; 5.509 ; 5.509 ;
; a[3]       ; s[10]       ; 5.364 ; 5.364 ; 5.364 ; 5.364 ;
; a[3]       ; s[11]       ; 5.384 ; 5.384 ; 5.384 ; 5.384 ;
; a[3]       ; s[12]       ; 5.184 ; 5.184 ; 5.184 ; 5.184 ;
; a[3]       ; v           ; 3.609 ; 3.609 ; 3.609 ; 3.609 ;
; a[3]       ; y[2]        ; 3.818 ; 3.818 ; 3.818 ; 3.818 ;
; a[3]       ; y[3]        ; 3.787 ; 3.787 ; 3.787 ; 3.787 ;
; a[3]       ; z           ; 5.223 ; 5.223 ; 5.223 ; 5.223 ;
; b[0]       ; c           ; 4.084 ; 4.210 ; 4.210 ; 4.084 ;
; b[0]       ; n           ; 4.299 ; 4.299 ; 4.299 ; 4.299 ;
; b[0]       ; s[0]        ; 5.118 ; 5.118 ; 5.118 ; 5.118 ;
; b[0]       ; s[1]        ; 5.099 ; 5.099 ; 5.099 ; 5.099 ;
; b[0]       ; s[2]        ; 5.104 ; 5.104 ; 5.104 ; 5.104 ;
; b[0]       ; s[3]        ; 5.000 ; 5.000 ; 5.000 ; 5.000 ;
; b[0]       ; s[4]        ; 5.004 ; 5.004 ; 5.004 ; 5.004 ;
; b[0]       ; s[5]        ; 4.986 ; 4.986 ; 4.986 ; 4.986 ;
; b[0]       ; s[6]        ; 4.993 ; 4.993 ; 4.993 ; 4.993 ;
; b[0]       ; s[7]        ; 6.133 ; 6.133 ; 6.133 ; 6.133 ;
; b[0]       ; s[10]       ; 5.988 ; 5.988 ; 5.988 ; 5.988 ;
; b[0]       ; s[11]       ; 6.008 ; 6.008 ; 6.008 ; 6.008 ;
; b[0]       ; s[12]       ; 5.808 ; 5.808 ; 5.808 ; 5.808 ;
; b[0]       ; v           ; 4.301 ; 4.301 ; 4.301 ; 4.301 ;
; b[0]       ; y[0]        ; 3.194 ; 3.194 ; 3.194 ; 3.194 ;
; b[0]       ; y[1]        ; 4.310 ; 4.310 ; 4.310 ; 4.310 ;
; b[0]       ; y[2]        ; 4.442 ; 4.442 ; 4.442 ; 4.442 ;
; b[0]       ; y[3]        ; 4.147 ; 4.147 ; 4.147 ; 4.147 ;
; b[0]       ; z           ; 5.847 ; 5.847 ; 5.847 ; 5.847 ;
; b[1]       ; c           ; 4.171 ; 4.294 ; 4.294 ; 4.171 ;
; b[1]       ; n           ; 4.383 ; 4.383 ; 4.383 ; 4.383 ;
; b[1]       ; s[0]        ; 5.205 ; 5.205 ; 5.205 ; 5.205 ;
; b[1]       ; s[1]        ; 5.186 ; 5.186 ; 5.186 ; 5.186 ;
; b[1]       ; s[2]        ; 5.191 ; 5.191 ; 5.191 ; 5.191 ;
; b[1]       ; s[3]        ; 5.087 ; 5.087 ; 5.087 ; 5.087 ;
; b[1]       ; s[4]        ; 5.091 ; 5.091 ; 5.091 ; 5.091 ;
; b[1]       ; s[5]        ; 5.073 ; 5.073 ; 5.073 ; 5.073 ;
; b[1]       ; s[6]        ; 5.080 ; 5.080 ; 5.080 ; 5.080 ;
; b[1]       ; s[7]        ; 6.220 ; 6.220 ; 6.220 ; 6.220 ;
; b[1]       ; s[10]       ; 6.075 ; 6.075 ; 6.075 ; 6.075 ;
; b[1]       ; s[11]       ; 6.095 ; 6.095 ; 6.095 ; 6.095 ;
; b[1]       ; s[12]       ; 5.895 ; 5.895 ; 5.895 ; 5.895 ;
; b[1]       ; v           ; 4.385 ; 4.385 ; 4.385 ; 4.385 ;
; b[1]       ; y[1]        ; 4.395 ; 4.395 ; 4.395 ; 4.395 ;
; b[1]       ; y[2]        ; 4.529 ; 4.529 ; 4.529 ; 4.529 ;
; b[1]       ; y[3]        ; 4.231 ; 4.231 ; 4.231 ; 4.231 ;
; b[1]       ; z           ; 5.934 ; 5.934 ; 5.934 ; 5.934 ;
; b[2]       ; c           ; 3.604 ; 3.737 ; 3.737 ; 3.604 ;
; b[2]       ; n           ; 3.826 ; 3.826 ; 3.826 ; 3.826 ;
; b[2]       ; s[0]        ; 5.058 ; 5.058 ; 5.058 ; 5.058 ;
; b[2]       ; s[1]        ; 5.039 ; 5.039 ; 5.039 ; 5.039 ;
; b[2]       ; s[2]        ; 5.044 ; 5.044 ; 5.044 ; 5.044 ;
; b[2]       ; s[3]        ; 4.940 ; 4.940 ; 4.940 ; 4.940 ;
; b[2]       ; s[4]        ; 4.944 ; 4.944 ; 4.944 ; 4.944 ;
; b[2]       ; s[5]        ; 4.926 ; 4.926 ; 4.926 ; 4.926 ;
; b[2]       ; s[6]        ; 4.933 ; 4.933 ; 4.933 ; 4.933 ;
; b[2]       ; s[7]        ; 6.073 ; 6.073 ; 6.073 ; 6.073 ;
; b[2]       ; s[10]       ; 5.928 ; 5.928 ; 5.928 ; 5.928 ;
; b[2]       ; s[11]       ; 5.948 ; 5.948 ; 5.948 ; 5.948 ;
; b[2]       ; s[12]       ; 5.748 ; 5.748 ; 5.748 ; 5.748 ;
; b[2]       ; v           ; 3.828 ; 3.828 ; 3.828 ; 3.828 ;
; b[2]       ; y[2]        ; 4.382 ; 4.382 ; 4.382 ; 4.382 ;
; b[2]       ; y[3]        ; 3.674 ; 3.674 ; 3.674 ; 3.674 ;
; b[2]       ; z           ; 5.787 ; 5.787 ; 5.787 ; 5.787 ;
; b[3]       ; c           ; 4.296 ; 4.296 ; 4.296 ; 4.296 ;
; b[3]       ; n           ; 4.371 ; 4.371 ; 4.371 ; 4.371 ;
; b[3]       ; s[0]        ; 5.107 ; 5.107 ; 5.107 ; 5.107 ;
; b[3]       ; s[1]        ; 5.082 ; 5.082 ; 5.082 ; 5.082 ;
; b[3]       ; s[2]        ; 5.086 ; 5.086 ; 5.086 ; 5.086 ;
; b[3]       ; s[3]        ; 4.987 ; 4.987 ; 4.987 ; 4.987 ;
; b[3]       ; s[4]        ; 4.994 ; 4.994 ; 4.994 ; 4.994 ;
; b[3]       ; s[5]        ; 4.975 ; 4.975 ; 4.975 ; 4.975 ;
; b[3]       ; s[6]        ; 4.983 ; 4.983 ; 4.983 ; 4.983 ;
; b[3]       ; s[7]        ; 6.142 ; 6.142 ; 6.142 ; 6.142 ;
; b[3]       ; s[10]       ; 5.997 ; 5.997 ; 5.997 ; 5.997 ;
; b[3]       ; s[11]       ; 6.017 ; 6.017 ; 6.017 ; 6.017 ;
; b[3]       ; s[12]       ; 5.817 ; 5.817 ; 5.817 ; 5.817 ;
; b[3]       ; v           ; 4.383 ; 4.383 ; 4.383 ; 4.383 ;
; b[3]       ; y[3]        ; 4.557 ; 4.557 ; 4.557 ; 4.557 ;
; b[3]       ; z           ; 5.830 ; 5.830 ; 5.830 ; 5.830 ;
; sel[0]     ; s[0]        ; 8.080 ; 8.080 ; 8.080 ; 8.080 ;
; sel[0]     ; s[1]        ; 8.061 ; 8.061 ; 8.061 ; 8.061 ;
; sel[0]     ; s[2]        ; 8.066 ; 8.066 ; 8.066 ; 8.066 ;
; sel[0]     ; s[3]        ; 7.962 ; 7.962 ; 7.962 ; 7.962 ;
; sel[0]     ; s[4]        ; 7.966 ; 7.966 ; 7.966 ; 7.966 ;
; sel[0]     ; s[5]        ; 7.948 ; 7.948 ; 7.948 ; 7.948 ;
; sel[0]     ; s[6]        ; 7.955 ; 7.955 ; 7.955 ; 7.955 ;
; sel[0]     ; s[7]        ; 9.095 ; 9.095 ; 9.095 ; 9.095 ;
; sel[0]     ; s[10]       ; 8.950 ; 8.950 ; 8.950 ; 8.950 ;
; sel[0]     ; s[11]       ; 8.970 ; 8.970 ; 8.970 ; 8.970 ;
; sel[0]     ; s[12]       ; 8.770 ; 8.770 ; 8.770 ; 8.770 ;
; sel[0]     ; y[0]        ; 6.211 ; 6.211 ; 6.211 ; 6.211 ;
; sel[0]     ; y[1]        ; 7.154 ; 7.154 ; 7.154 ; 7.154 ;
; sel[0]     ; y[2]        ; 7.404 ; 7.404 ; 7.404 ; 7.404 ;
; sel[0]     ; y[3]        ; 6.884 ; 6.884 ; 6.884 ; 6.884 ;
; sel[0]     ; z           ; 8.809 ; 8.809 ; 8.809 ; 8.809 ;
; sel[1]     ; s[0]        ; 8.003 ; 8.003 ; 8.003 ; 8.003 ;
; sel[1]     ; s[1]        ; 7.984 ; 7.984 ; 7.984 ; 7.984 ;
; sel[1]     ; s[2]        ; 7.989 ; 7.989 ; 7.989 ; 7.989 ;
; sel[1]     ; s[3]        ; 7.885 ; 7.885 ; 7.885 ; 7.885 ;
; sel[1]     ; s[4]        ; 7.889 ; 7.889 ; 7.889 ; 7.889 ;
; sel[1]     ; s[5]        ; 7.871 ; 7.871 ; 7.871 ; 7.871 ;
; sel[1]     ; s[6]        ; 7.878 ; 7.878 ; 7.878 ; 7.878 ;
; sel[1]     ; s[7]        ; 9.018 ; 9.018 ; 9.018 ; 9.018 ;
; sel[1]     ; s[10]       ; 8.873 ; 8.873 ; 8.873 ; 8.873 ;
; sel[1]     ; s[11]       ; 8.893 ; 8.893 ; 8.893 ; 8.893 ;
; sel[1]     ; s[12]       ; 8.693 ; 8.693 ; 8.693 ; 8.693 ;
; sel[1]     ; y[0]        ; 6.392 ; 6.094 ; 6.094 ; 6.392 ;
; sel[1]     ; y[1]        ; 7.330 ; 7.330 ; 7.330 ; 7.330 ;
; sel[1]     ; y[2]        ; 7.327 ; 7.327 ; 7.327 ; 7.327 ;
; sel[1]     ; y[3]        ; 6.135 ; 6.135 ; 6.135 ; 6.135 ;
; sel[1]     ; z           ; 8.732 ; 8.732 ; 8.732 ; 8.732 ;
; sel[2]     ; s[0]        ; 7.784 ; 7.784 ; 7.784 ; 7.784 ;
; sel[2]     ; s[1]        ; 7.765 ; 7.765 ; 7.765 ; 7.765 ;
; sel[2]     ; s[2]        ; 7.770 ; 7.770 ; 7.770 ; 7.770 ;
; sel[2]     ; s[3]        ; 7.666 ; 7.666 ; 7.666 ; 7.666 ;
; sel[2]     ; s[4]        ; 7.670 ; 7.670 ; 7.670 ; 7.670 ;
; sel[2]     ; s[5]        ; 7.652 ; 7.652 ; 7.652 ; 7.652 ;
; sel[2]     ; s[6]        ; 7.659 ; 7.659 ; 7.659 ; 7.659 ;
; sel[2]     ; s[7]        ; 8.799 ; 8.799 ; 8.799 ; 8.799 ;
; sel[2]     ; s[10]       ; 8.654 ; 8.654 ; 8.654 ; 8.654 ;
; sel[2]     ; s[11]       ; 8.674 ; 8.674 ; 8.674 ; 8.674 ;
; sel[2]     ; s[12]       ; 8.474 ; 8.474 ; 8.474 ; 8.474 ;
; sel[2]     ; y[0]        ; 6.167 ; 5.954 ; 5.954 ; 6.167 ;
; sel[2]     ; y[1]        ; 7.010 ; 7.010 ; 7.010 ; 7.010 ;
; sel[2]     ; y[2]        ; 7.108 ; 7.108 ; 7.108 ; 7.108 ;
; sel[2]     ; y[3]        ; 6.660 ; 6.660 ; 6.660 ; 6.660 ;
; sel[2]     ; z           ; 8.513 ; 8.513 ; 8.513 ; 8.513 ;
+------------+-------------+-------+-------+-------+-------+


+----------------------------------------------------------+
; Minimum Propagation Delay                                ;
+------------+-------------+-------+-------+-------+-------+
; Input Port ; Output Port ; RR    ; RF    ; FR    ; FF    ;
+------------+-------------+-------+-------+-------+-------+
; a[0]       ; c           ; 5.169 ;       ;       ; 5.169 ;
; a[0]       ; n           ; 5.385 ; 5.385 ; 5.385 ; 5.385 ;
; a[0]       ; s[0]        ; 4.778 ; 4.778 ; 4.778 ; 4.778 ;
; a[0]       ; s[1]        ; 4.744 ; 4.744 ; 4.744 ; 4.744 ;
; a[0]       ; s[2]        ; 4.759 ; 4.759 ; 4.759 ; 4.759 ;
; a[0]       ; s[3]        ; 4.666 ; 4.666 ; 4.666 ; 4.666 ;
; a[0]       ; s[4]        ; 4.649 ; 4.649 ; 4.649 ; 4.649 ;
; a[0]       ; s[5]        ; 4.650 ; 4.650 ; 4.650 ; 4.650 ;
; a[0]       ; s[6]        ; 4.633 ; 4.633 ; 4.633 ; 4.633 ;
; a[0]       ; s[7]        ; 5.722 ; 5.722 ; 5.722 ; 5.722 ;
; a[0]       ; s[10]       ; 5.577 ; 5.577 ; 5.577 ; 5.577 ;
; a[0]       ; s[11]       ; 5.597 ; 5.597 ; 5.597 ; 5.597 ;
; a[0]       ; s[12]       ; 5.397 ; 5.397 ; 5.397 ; 5.397 ;
; a[0]       ; v           ; 5.257 ; 5.257 ; 5.257 ; 5.257 ;
; a[0]       ; y[0]        ; 4.207 ; 4.207 ; 4.207 ; 4.207 ;
; a[0]       ; y[1]        ; 4.128 ; 4.128 ; 4.128 ; 4.128 ;
; a[0]       ; y[2]        ; 4.729 ; 4.729 ; 4.729 ; 4.729 ;
; a[0]       ; y[3]        ; 5.138 ; 5.138 ; 5.138 ; 5.138 ;
; a[0]       ; z           ; 5.490 ; 5.490 ; 5.490 ; 5.490 ;
; a[1]       ; c           ; 4.854 ;       ;       ; 4.854 ;
; a[1]       ; n           ; 5.073 ; 5.073 ; 5.073 ; 5.073 ;
; a[1]       ; s[0]        ; 4.336 ; 4.336 ; 4.336 ; 4.336 ;
; a[1]       ; s[1]        ; 4.302 ; 4.302 ; 4.302 ; 4.302 ;
; a[1]       ; s[2]        ; 4.317 ; 4.317 ; 4.317 ; 4.317 ;
; a[1]       ; s[3]        ; 4.224 ; 4.224 ; 4.224 ; 4.224 ;
; a[1]       ; s[4]        ; 4.207 ; 4.207 ; 4.207 ; 4.207 ;
; a[1]       ; s[5]        ; 4.208 ; 4.208 ; 4.208 ; 4.208 ;
; a[1]       ; s[6]        ; 4.191 ; 4.191 ; 4.191 ; 4.191 ;
; a[1]       ; s[7]        ; 5.280 ; 5.280 ; 5.280 ; 5.280 ;
; a[1]       ; s[10]       ; 5.135 ; 5.135 ; 5.135 ; 5.135 ;
; a[1]       ; s[11]       ; 5.155 ; 5.155 ; 5.155 ; 5.155 ;
; a[1]       ; s[12]       ; 4.955 ; 4.955 ; 4.955 ; 4.955 ;
; a[1]       ; v           ; 4.942 ; 4.942 ; 4.942 ; 4.942 ;
; a[1]       ; y[0]        ; 3.980 ;       ;       ; 3.980 ;
; a[1]       ; y[1]        ; 3.686 ; 3.686 ; 3.686 ; 3.686 ;
; a[1]       ; y[2]        ; 4.150 ; 4.321 ; 4.321 ; 4.150 ;
; a[1]       ; y[3]        ; 4.823 ; 4.823 ; 4.823 ; 4.823 ;
; a[1]       ; z           ; 5.048 ; 5.048 ; 5.048 ; 5.048 ;
; a[2]       ; c           ; 4.559 ;       ;       ; 4.559 ;
; a[2]       ; n           ; 4.774 ; 4.774 ; 4.774 ; 4.774 ;
; a[2]       ; s[0]        ; 4.605 ; 4.605 ; 4.605 ; 4.605 ;
; a[2]       ; s[1]        ; 4.580 ; 4.580 ; 4.580 ; 4.580 ;
; a[2]       ; s[2]        ; 4.584 ; 4.584 ; 4.584 ; 4.584 ;
; a[2]       ; s[3]        ; 4.485 ; 4.485 ; 4.485 ; 4.485 ;
; a[2]       ; s[4]        ; 4.492 ; 4.492 ; 4.492 ; 4.492 ;
; a[2]       ; s[5]        ; 4.473 ; 4.473 ; 4.473 ; 4.473 ;
; a[2]       ; s[6]        ; 4.481 ; 4.481 ; 4.481 ; 4.481 ;
; a[2]       ; s[7]        ; 5.640 ; 5.700 ; 5.700 ; 5.640 ;
; a[2]       ; s[10]       ; 5.495 ; 5.555 ; 5.555 ; 5.495 ;
; a[2]       ; s[11]       ; 5.515 ; 5.575 ; 5.575 ; 5.515 ;
; a[2]       ; s[12]       ; 5.315 ; 5.375 ; 5.375 ; 5.315 ;
; a[2]       ; v           ; 4.647 ; 4.647 ; 4.647 ; 4.647 ;
; a[2]       ; y[1]        ; 4.438 ; 4.438 ; 4.438 ; 4.438 ;
; a[2]       ; y[2]        ; 4.009 ; 4.009 ; 4.009 ; 4.009 ;
; a[2]       ; y[3]        ; 4.055 ; 4.528 ; 4.528 ; 4.055 ;
; a[2]       ; z           ; 5.414 ; 5.328 ; 5.328 ; 5.414 ;
; a[3]       ; c           ; 3.527 ;       ;       ; 3.527 ;
; a[3]       ; n           ; 3.598 ; 3.598 ; 3.598 ; 3.598 ;
; a[3]       ; s[0]        ; 3.672 ; 3.672 ; 3.672 ; 3.672 ;
; a[3]       ; s[1]        ; 3.647 ; 3.647 ; 3.647 ; 3.647 ;
; a[3]       ; s[2]        ; 3.651 ; 3.651 ; 3.651 ; 3.651 ;
; a[3]       ; s[3]        ; 3.552 ; 3.552 ; 3.552 ; 3.552 ;
; a[3]       ; s[4]        ; 3.559 ; 3.559 ; 3.559 ; 3.559 ;
; a[3]       ; s[5]        ; 3.540 ; 3.540 ; 3.540 ; 3.540 ;
; a[3]       ; s[6]        ; 3.548 ; 3.548 ; 3.548 ; 3.548 ;
; a[3]       ; s[7]        ; 5.031 ; 4.707 ; 4.707 ; 5.031 ;
; a[3]       ; s[10]       ; 4.886 ; 4.562 ; 4.562 ; 4.886 ;
; a[3]       ; s[11]       ; 4.906 ; 4.582 ; 4.582 ; 4.906 ;
; a[3]       ; s[12]       ; 4.706 ; 4.382 ; 4.382 ; 4.706 ;
; a[3]       ; v           ; 3.609 ; 3.609 ; 3.609 ; 3.609 ;
; a[3]       ; y[2]        ; 3.647 ; 3.818 ; 3.818 ; 3.647 ;
; a[3]       ; y[3]        ; 3.446 ; 3.122 ; 3.122 ; 3.446 ;
; a[3]       ; z           ; 4.395 ; 4.719 ; 4.719 ; 4.395 ;
; b[0]       ; c           ; 4.084 ; 4.210 ; 4.210 ; 4.084 ;
; b[0]       ; n           ; 4.299 ; 4.299 ; 4.299 ; 4.299 ;
; b[0]       ; s[0]        ; 3.776 ; 3.776 ; 3.776 ; 3.776 ;
; b[0]       ; s[1]        ; 3.745 ; 3.745 ; 3.745 ; 3.745 ;
; b[0]       ; s[2]        ; 3.758 ; 3.758 ; 3.758 ; 3.758 ;
; b[0]       ; s[3]        ; 3.664 ; 3.664 ; 3.664 ; 3.664 ;
; b[0]       ; s[4]        ; 3.651 ; 3.651 ; 3.651 ; 3.651 ;
; b[0]       ; s[5]        ; 3.649 ; 3.649 ; 3.649 ; 3.649 ;
; b[0]       ; s[6]        ; 3.636 ; 3.636 ; 3.636 ; 3.636 ;
; b[0]       ; s[7]        ; 4.959 ; 4.959 ; 4.959 ; 4.959 ;
; b[0]       ; s[10]       ; 4.814 ; 4.814 ; 4.814 ; 4.814 ;
; b[0]       ; s[11]       ; 4.834 ; 4.834 ; 4.834 ; 4.834 ;
; b[0]       ; s[12]       ; 4.634 ; 4.634 ; 4.634 ; 4.634 ;
; b[0]       ; v           ; 4.172 ; 4.172 ; 4.172 ; 4.172 ;
; b[0]       ; y[0]        ; 3.194 ; 3.194 ; 3.194 ; 3.194 ;
; b[0]       ; y[1]        ; 3.365 ; 3.365 ; 3.365 ; 3.365 ;
; b[0]       ; y[2]        ; 3.643 ; 3.643 ; 3.643 ; 3.643 ;
; b[0]       ; y[3]        ; 4.053 ; 4.053 ; 4.053 ; 4.053 ;
; b[0]       ; z           ; 4.490 ; 4.490 ; 4.490 ; 4.490 ;
; b[1]       ; c           ; 4.171 ; 4.294 ; 4.294 ; 4.171 ;
; b[1]       ; n           ; 4.383 ; 4.383 ; 4.383 ; 4.383 ;
; b[1]       ; s[0]        ; 3.962 ; 3.962 ; 3.962 ; 3.962 ;
; b[1]       ; s[1]        ; 3.928 ; 3.928 ; 3.928 ; 3.928 ;
; b[1]       ; s[2]        ; 3.943 ; 3.943 ; 3.943 ; 3.943 ;
; b[1]       ; s[3]        ; 3.850 ; 3.850 ; 3.850 ; 3.850 ;
; b[1]       ; s[4]        ; 3.833 ; 3.833 ; 3.833 ; 3.833 ;
; b[1]       ; s[5]        ; 3.834 ; 3.834 ; 3.834 ; 3.834 ;
; b[1]       ; s[6]        ; 3.817 ; 3.817 ; 3.817 ; 3.817 ;
; b[1]       ; s[7]        ; 4.906 ; 4.906 ; 4.906 ; 4.906 ;
; b[1]       ; s[10]       ; 4.761 ; 4.761 ; 4.761 ; 4.761 ;
; b[1]       ; s[11]       ; 4.781 ; 4.781 ; 4.781 ; 4.781 ;
; b[1]       ; s[12]       ; 4.581 ; 4.581 ; 4.581 ; 4.581 ;
; b[1]       ; v           ; 4.259 ; 4.259 ; 4.259 ; 4.259 ;
; b[1]       ; y[1]        ; 3.312 ; 3.312 ; 3.312 ; 3.312 ;
; b[1]       ; y[2]        ; 3.727 ; 3.727 ; 3.727 ; 3.727 ;
; b[1]       ; y[3]        ; 4.140 ; 4.140 ; 4.140 ; 4.140 ;
; b[1]       ; z           ; 4.674 ; 4.674 ; 4.674 ; 4.674 ;
; b[2]       ; c           ; 3.604 ; 3.737 ; 3.737 ; 3.604 ;
; b[2]       ; n           ; 3.826 ; 3.826 ; 3.826 ; 3.826 ;
; b[2]       ; s[0]        ; 3.734 ; 3.734 ; 3.734 ; 3.734 ;
; b[2]       ; s[1]        ; 3.715 ; 3.715 ; 3.715 ; 3.715 ;
; b[2]       ; s[2]        ; 3.720 ; 3.720 ; 3.720 ; 3.720 ;
; b[2]       ; s[3]        ; 3.616 ; 3.616 ; 3.616 ; 3.616 ;
; b[2]       ; s[4]        ; 3.620 ; 3.620 ; 3.620 ; 3.620 ;
; b[2]       ; s[5]        ; 3.602 ; 3.602 ; 3.602 ; 3.602 ;
; b[2]       ; s[6]        ; 3.609 ; 3.609 ; 3.609 ; 3.609 ;
; b[2]       ; s[7]        ; 4.749 ; 4.749 ; 4.749 ; 4.749 ;
; b[2]       ; s[10]       ; 4.604 ; 4.604 ; 4.604 ; 4.604 ;
; b[2]       ; s[11]       ; 4.624 ; 4.624 ; 4.624 ; 4.624 ;
; b[2]       ; s[12]       ; 4.424 ; 4.424 ; 4.424 ; 4.424 ;
; b[2]       ; v           ; 3.692 ; 3.692 ; 3.692 ; 3.692 ;
; b[2]       ; y[2]        ; 3.058 ; 3.058 ; 3.058 ; 3.058 ;
; b[2]       ; y[3]        ; 3.573 ; 3.573 ; 3.573 ; 3.573 ;
; b[2]       ; z           ; 4.463 ; 4.463 ; 4.463 ; 4.463 ;
; b[3]       ; c           ; 4.296 ; 4.296 ; 4.296 ; 4.296 ;
; b[3]       ; n           ; 4.371 ; 4.371 ; 4.371 ; 4.371 ;
; b[3]       ; s[0]        ; 4.769 ; 4.769 ; 4.769 ; 4.769 ;
; b[3]       ; s[1]        ; 4.744 ; 4.744 ; 4.744 ; 4.744 ;
; b[3]       ; s[2]        ; 4.748 ; 4.748 ; 4.748 ; 4.748 ;
; b[3]       ; s[3]        ; 4.649 ; 4.649 ; 4.649 ; 4.649 ;
; b[3]       ; s[4]        ; 4.656 ; 4.656 ; 4.656 ; 4.656 ;
; b[3]       ; s[5]        ; 4.637 ; 4.637 ; 4.637 ; 4.637 ;
; b[3]       ; s[6]        ; 4.645 ; 4.645 ; 4.645 ; 4.645 ;
; b[3]       ; s[7]        ; 5.804 ; 5.804 ; 5.804 ; 5.804 ;
; b[3]       ; s[10]       ; 5.659 ; 5.659 ; 5.659 ; 5.659 ;
; b[3]       ; s[11]       ; 5.679 ; 5.679 ; 5.679 ; 5.679 ;
; b[3]       ; s[12]       ; 5.479 ; 5.479 ; 5.479 ; 5.479 ;
; b[3]       ; v           ; 4.383 ; 4.383 ; 4.383 ; 4.383 ;
; b[3]       ; y[3]        ; 4.219 ; 4.219 ; 4.219 ; 4.219 ;
; b[3]       ; z           ; 5.492 ; 5.492 ; 5.492 ; 5.492 ;
; sel[0]     ; s[0]        ; 6.708 ; 6.708 ; 6.708 ; 6.708 ;
; sel[0]     ; s[1]        ; 6.677 ; 6.677 ; 6.677 ; 6.677 ;
; sel[0]     ; s[2]        ; 6.690 ; 6.690 ; 6.690 ; 6.690 ;
; sel[0]     ; s[3]        ; 6.596 ; 6.596 ; 6.596 ; 6.596 ;
; sel[0]     ; s[4]        ; 6.583 ; 6.583 ; 6.583 ; 6.583 ;
; sel[0]     ; s[5]        ; 6.581 ; 6.581 ; 6.581 ; 6.581 ;
; sel[0]     ; s[6]        ; 6.568 ; 6.568 ; 6.568 ; 6.568 ;
; sel[0]     ; s[7]        ; 7.873 ; 7.873 ; 7.873 ; 7.873 ;
; sel[0]     ; s[10]       ; 7.728 ; 7.728 ; 7.728 ; 7.728 ;
; sel[0]     ; s[11]       ; 7.748 ; 7.748 ; 7.748 ; 7.748 ;
; sel[0]     ; s[12]       ; 7.548 ; 7.548 ; 7.548 ; 7.548 ;
; sel[0]     ; y[0]        ; 6.126 ; 6.126 ; 6.126 ; 6.126 ;
; sel[0]     ; y[1]        ; 6.297 ; 6.297 ; 6.297 ; 6.297 ;
; sel[0]     ; y[2]        ; 6.675 ; 6.675 ; 6.675 ; 6.675 ;
; sel[0]     ; y[3]        ; 6.288 ; 6.288 ; 6.288 ; 6.288 ;
; sel[0]     ; z           ; 7.422 ; 7.422 ; 7.422 ; 7.422 ;
; sel[1]     ; s[0]        ; 6.676 ; 6.676 ; 6.676 ; 6.676 ;
; sel[1]     ; s[1]        ; 6.645 ; 6.645 ; 6.645 ; 6.645 ;
; sel[1]     ; s[2]        ; 6.658 ; 6.664 ; 6.664 ; 6.658 ;
; sel[1]     ; s[3]        ; 6.564 ; 6.564 ; 6.564 ; 6.564 ;
; sel[1]     ; s[4]        ; 6.572 ; 6.551 ; 6.551 ; 6.572 ;
; sel[1]     ; s[5]        ; 6.553 ; 6.549 ; 6.549 ; 6.553 ;
; sel[1]     ; s[6]        ; 6.561 ; 6.536 ; 6.536 ; 6.561 ;
; sel[1]     ; s[7]        ; 7.720 ; 7.720 ; 7.720 ; 7.720 ;
; sel[1]     ; s[10]       ; 7.575 ; 7.575 ; 7.575 ; 7.575 ;
; sel[1]     ; s[11]       ; 7.595 ; 7.595 ; 7.595 ; 7.595 ;
; sel[1]     ; s[12]       ; 7.395 ; 7.395 ; 7.395 ; 7.395 ;
; sel[1]     ; y[0]        ; 6.392 ; 6.094 ; 6.094 ; 6.392 ;
; sel[1]     ; y[1]        ; 6.257 ; 6.257 ; 6.257 ; 6.257 ;
; sel[1]     ; y[2]        ; 6.441 ; 6.441 ; 6.441 ; 6.441 ;
; sel[1]     ; y[3]        ; 6.135 ; 6.135 ; 6.135 ; 6.135 ;
; sel[1]     ; z           ; 7.390 ; 7.408 ; 7.408 ; 7.390 ;
; sel[2]     ; s[0]        ; 6.536 ; 6.536 ; 6.536 ; 6.536 ;
; sel[2]     ; s[1]        ; 6.505 ; 6.505 ; 6.505 ; 6.505 ;
; sel[2]     ; s[2]        ; 6.518 ; 6.731 ; 6.731 ; 6.518 ;
; sel[2]     ; s[3]        ; 6.424 ; 6.424 ; 6.424 ; 6.424 ;
; sel[2]     ; s[4]        ; 6.624 ; 6.411 ; 6.411 ; 6.624 ;
; sel[2]     ; s[5]        ; 6.622 ; 6.409 ; 6.409 ; 6.622 ;
; sel[2]     ; s[6]        ; 6.609 ; 6.396 ; 6.396 ; 6.609 ;
; sel[2]     ; s[7]        ; 7.941 ; 7.941 ; 7.941 ; 7.941 ;
; sel[2]     ; s[10]       ; 7.796 ; 7.796 ; 7.796 ; 7.796 ;
; sel[2]     ; s[11]       ; 7.816 ; 7.816 ; 7.816 ; 7.816 ;
; sel[2]     ; s[12]       ; 7.616 ; 7.616 ; 7.616 ; 7.616 ;
; sel[2]     ; y[0]        ; 6.167 ; 5.954 ; 5.954 ; 6.167 ;
; sel[2]     ; y[1]        ; 6.353 ; 6.353 ; 6.353 ; 6.353 ;
; sel[2]     ; y[2]        ; 6.537 ; 6.537 ; 6.537 ; 6.537 ;
; sel[2]     ; y[3]        ; 6.356 ; 6.356 ; 6.356 ; 6.356 ;
; sel[2]     ; z           ; 7.250 ; 7.463 ; 7.463 ; 7.250 ;
+------------+-------------+-------+-------+-------+-------+


+----------------------------------------------------------------------------+
; Multicorner Timing Analysis Summary                                        ;
+------------------+-------+------+----------+---------+---------------------+
; Clock            ; Setup ; Hold ; Recovery ; Removal ; Minimum Pulse Width ;
+------------------+-------+------+----------+---------+---------------------+
; Worst-case Slack ; N/A   ; N/A  ; N/A      ; N/A     ; N/A                 ;
; Design-wide TNS  ; 0.0   ; 0.0  ; 0.0      ; 0.0     ; 0.0                 ;
+------------------+-------+------+----------+---------+---------------------+


+--------------------------------------------------------------+
; Progagation Delay                                            ;
+------------+-------------+--------+--------+--------+--------+
; Input Port ; Output Port ; RR     ; RF     ; FR     ; FF     ;
+------------+-------------+--------+--------+--------+--------+
; a[0]       ; c           ; 10.496 ;        ;        ; 10.496 ;
; a[0]       ; n           ; 10.767 ; 10.767 ; 10.767 ; 10.767 ;
; a[0]       ; s[0]        ; 12.647 ; 12.647 ; 12.647 ; 12.647 ;
; a[0]       ; s[1]        ; 12.622 ; 12.622 ; 12.622 ; 12.622 ;
; a[0]       ; s[2]        ; 12.595 ; 12.595 ; 12.595 ; 12.595 ;
; a[0]       ; s[3]        ; 12.400 ; 12.400 ; 12.400 ; 12.400 ;
; a[0]       ; s[4]        ; 12.406 ; 12.406 ; 12.406 ; 12.406 ;
; a[0]       ; s[5]        ; 12.382 ; 12.382 ; 12.382 ; 12.382 ;
; a[0]       ; s[6]        ; 12.393 ; 12.393 ; 12.393 ; 12.393 ;
; a[0]       ; s[7]        ; 14.855 ; 14.855 ; 14.855 ; 14.855 ;
; a[0]       ; s[10]       ; 14.671 ; 14.671 ; 14.671 ; 14.671 ;
; a[0]       ; s[11]       ; 14.691 ; 14.691 ; 14.691 ; 14.691 ;
; a[0]       ; s[12]       ; 14.225 ; 14.225 ; 14.225 ; 14.225 ;
; a[0]       ; v           ; 10.768 ; 10.768 ; 10.768 ; 10.768 ;
; a[0]       ; y[0]        ; 8.093  ; 8.242  ; 8.242  ; 8.093  ;
; a[0]       ; y[1]        ; 10.898 ; 10.898 ; 10.898 ; 10.898 ;
; a[0]       ; y[2]        ; 11.100 ; 11.100 ; 11.100 ; 11.100 ;
; a[0]       ; y[3]        ; 10.510 ; 10.510 ; 10.510 ; 10.510 ;
; a[0]       ; z           ; 14.164 ; 14.164 ; 14.164 ; 14.164 ;
; a[1]       ; c           ; 9.873  ;        ;        ; 9.873  ;
; a[1]       ; n           ; 10.144 ; 10.144 ; 10.144 ; 10.144 ;
; a[1]       ; s[0]        ; 12.019 ; 12.019 ; 12.019 ; 12.019 ;
; a[1]       ; s[1]        ; 11.994 ; 11.994 ; 11.994 ; 11.994 ;
; a[1]       ; s[2]        ; 11.967 ; 11.967 ; 11.967 ; 11.967 ;
; a[1]       ; s[3]        ; 11.772 ; 11.772 ; 11.772 ; 11.772 ;
; a[1]       ; s[4]        ; 11.778 ; 11.778 ; 11.778 ; 11.778 ;
; a[1]       ; s[5]        ; 11.754 ; 11.754 ; 11.754 ; 11.754 ;
; a[1]       ; s[6]        ; 11.765 ; 11.765 ; 11.765 ; 11.765 ;
; a[1]       ; s[7]        ; 14.227 ; 14.227 ; 14.227 ; 14.227 ;
; a[1]       ; s[10]       ; 14.043 ; 14.043 ; 14.043 ; 14.043 ;
; a[1]       ; s[11]       ; 14.063 ; 14.063 ; 14.063 ; 14.063 ;
; a[1]       ; s[12]       ; 13.597 ; 13.597 ; 13.597 ; 13.597 ;
; a[1]       ; v           ; 10.145 ; 10.145 ; 10.145 ; 10.145 ;
; a[1]       ; y[0]        ; 7.658  ;        ;        ; 7.658  ;
; a[1]       ; y[1]        ; 10.278 ; 10.278 ; 10.278 ; 10.278 ;
; a[1]       ; y[2]        ; 10.472 ; 10.472 ; 10.472 ; 10.472 ;
; a[1]       ; y[3]        ; 9.887  ; 9.887  ; 9.887  ; 9.887  ;
; a[1]       ; z           ; 13.536 ; 13.536 ; 13.536 ; 13.536 ;
; a[2]       ; c           ; 9.190  ;        ;        ; 9.190  ;
; a[2]       ; n           ; 9.461  ; 9.461  ; 9.461  ; 9.461  ;
; a[2]       ; s[0]        ; 12.155 ; 12.155 ; 12.155 ; 12.155 ;
; a[2]       ; s[1]        ; 12.130 ; 12.130 ; 12.130 ; 12.130 ;
; a[2]       ; s[2]        ; 12.103 ; 12.103 ; 12.103 ; 12.103 ;
; a[2]       ; s[3]        ; 11.908 ; 11.908 ; 11.908 ; 11.908 ;
; a[2]       ; s[4]        ; 11.914 ; 11.914 ; 11.914 ; 11.914 ;
; a[2]       ; s[5]        ; 11.890 ; 11.890 ; 11.890 ; 11.890 ;
; a[2]       ; s[6]        ; 11.901 ; 11.901 ; 11.901 ; 11.901 ;
; a[2]       ; s[7]        ; 14.363 ; 14.363 ; 14.363 ; 14.363 ;
; a[2]       ; s[10]       ; 14.179 ; 14.179 ; 14.179 ; 14.179 ;
; a[2]       ; s[11]       ; 14.199 ; 14.199 ; 14.199 ; 14.199 ;
; a[2]       ; s[12]       ; 13.733 ; 13.733 ; 13.733 ; 13.733 ;
; a[2]       ; v           ; 9.462  ; 9.462  ; 9.462  ; 9.462  ;
; a[2]       ; y[1]        ; 9.828  ; 9.828  ; 9.828  ; 9.828  ;
; a[2]       ; y[2]        ; 10.608 ; 10.608 ; 10.608 ; 10.608 ;
; a[2]       ; y[3]        ; 9.204  ; 9.204  ; 9.204  ; 9.204  ;
; a[2]       ; z           ; 13.672 ; 13.672 ; 13.672 ; 13.672 ;
; a[3]       ; c           ; 6.860  ;        ;        ; 6.860  ;
; a[3]       ; n           ; 7.119  ; 7.119  ; 7.119  ; 7.119  ;
; a[3]       ; s[0]        ; 9.193  ; 9.193  ; 9.193  ; 9.193  ;
; a[3]       ; s[1]        ; 9.168  ; 9.168  ; 9.168  ; 9.168  ;
; a[3]       ; s[2]        ; 9.141  ; 9.141  ; 9.141  ; 9.141  ;
; a[3]       ; s[3]        ; 8.946  ; 8.946  ; 8.946  ; 8.946  ;
; a[3]       ; s[4]        ; 8.952  ; 8.952  ; 8.952  ; 8.952  ;
; a[3]       ; s[5]        ; 8.928  ; 8.928  ; 8.928  ; 8.928  ;
; a[3]       ; s[6]        ; 8.939  ; 8.939  ; 8.939  ; 8.939  ;
; a[3]       ; s[7]        ; 11.401 ; 11.401 ; 11.401 ; 11.401 ;
; a[3]       ; s[10]       ; 11.217 ; 11.217 ; 11.217 ; 11.217 ;
; a[3]       ; s[11]       ; 11.237 ; 11.237 ; 11.237 ; 11.237 ;
; a[3]       ; s[12]       ; 10.771 ; 10.771 ; 10.771 ; 10.771 ;
; a[3]       ; v           ; 7.128  ; 7.128  ; 7.128  ; 7.128  ;
; a[3]       ; y[2]        ; 7.646  ; 7.646  ; 7.646  ; 7.646  ;
; a[3]       ; y[3]        ; 7.680  ; 7.680  ; 7.680  ; 7.680  ;
; a[3]       ; z           ; 10.710 ; 10.710 ; 10.710 ; 10.710 ;
; b[0]       ; c           ; 8.124  ; 8.433  ; 8.433  ; 8.124  ;
; b[0]       ; n           ; 8.704  ; 8.704  ; 8.704  ; 8.704  ;
; b[0]       ; s[0]        ; 10.585 ; 10.585 ; 10.585 ; 10.585 ;
; b[0]       ; s[1]        ; 10.560 ; 10.560 ; 10.560 ; 10.560 ;
; b[0]       ; s[2]        ; 10.533 ; 10.533 ; 10.533 ; 10.533 ;
; b[0]       ; s[3]        ; 10.338 ; 10.338 ; 10.338 ; 10.338 ;
; b[0]       ; s[4]        ; 10.344 ; 10.344 ; 10.344 ; 10.344 ;
; b[0]       ; s[5]        ; 10.320 ; 10.320 ; 10.320 ; 10.320 ;
; b[0]       ; s[6]        ; 10.331 ; 10.331 ; 10.331 ; 10.331 ;
; b[0]       ; s[7]        ; 12.793 ; 12.793 ; 12.793 ; 12.793 ;
; b[0]       ; s[10]       ; 12.609 ; 12.609 ; 12.609 ; 12.609 ;
; b[0]       ; s[11]       ; 12.629 ; 12.629 ; 12.629 ; 12.629 ;
; b[0]       ; s[12]       ; 12.163 ; 12.163 ; 12.163 ; 12.163 ;
; b[0]       ; v           ; 8.705  ; 8.705  ; 8.705  ; 8.705  ;
; b[0]       ; y[0]        ; 6.169  ; 6.169  ; 6.169  ; 6.169  ;
; b[0]       ; y[1]        ; 8.834  ; 8.834  ; 8.834  ; 8.834  ;
; b[0]       ; y[2]        ; 9.038  ; 9.038  ; 9.038  ; 9.038  ;
; b[0]       ; y[3]        ; 8.447  ; 8.447  ; 8.447  ; 8.447  ;
; b[0]       ; z           ; 12.102 ; 12.102 ; 12.102 ; 12.102 ;
; b[1]       ; c           ; 8.305  ; 8.588  ; 8.588  ; 8.305  ;
; b[1]       ; n           ; 8.859  ; 8.859  ; 8.859  ; 8.859  ;
; b[1]       ; s[0]        ; 10.766 ; 10.766 ; 10.766 ; 10.766 ;
; b[1]       ; s[1]        ; 10.741 ; 10.741 ; 10.741 ; 10.741 ;
; b[1]       ; s[2]        ; 10.714 ; 10.714 ; 10.714 ; 10.714 ;
; b[1]       ; s[3]        ; 10.519 ; 10.519 ; 10.519 ; 10.519 ;
; b[1]       ; s[4]        ; 10.525 ; 10.525 ; 10.525 ; 10.525 ;
; b[1]       ; s[5]        ; 10.501 ; 10.501 ; 10.501 ; 10.501 ;
; b[1]       ; s[6]        ; 10.512 ; 10.512 ; 10.512 ; 10.512 ;
; b[1]       ; s[7]        ; 12.974 ; 12.974 ; 12.974 ; 12.974 ;
; b[1]       ; s[10]       ; 12.790 ; 12.790 ; 12.790 ; 12.790 ;
; b[1]       ; s[11]       ; 12.810 ; 12.810 ; 12.810 ; 12.810 ;
; b[1]       ; s[12]       ; 12.344 ; 12.344 ; 12.344 ; 12.344 ;
; b[1]       ; v           ; 8.860  ; 8.860  ; 8.860  ; 8.860  ;
; b[1]       ; y[1]        ; 9.017  ; 9.017  ; 9.017  ; 9.017  ;
; b[1]       ; y[2]        ; 9.219  ; 9.219  ; 9.219  ; 9.219  ;
; b[1]       ; y[3]        ; 8.602  ; 8.602  ; 8.602  ; 8.602  ;
; b[1]       ; z           ; 12.283 ; 12.283 ; 12.283 ; 12.283 ;
; b[2]       ; c           ; 7.095  ; 7.414  ; 7.414  ; 7.095  ;
; b[2]       ; n           ; 7.685  ; 7.685  ; 7.685  ; 7.685  ;
; b[2]       ; s[0]        ; 10.492 ; 10.492 ; 10.492 ; 10.492 ;
; b[2]       ; s[1]        ; 10.467 ; 10.467 ; 10.467 ; 10.467 ;
; b[2]       ; s[2]        ; 10.440 ; 10.440 ; 10.440 ; 10.440 ;
; b[2]       ; s[3]        ; 10.245 ; 10.245 ; 10.245 ; 10.245 ;
; b[2]       ; s[4]        ; 10.251 ; 10.251 ; 10.251 ; 10.251 ;
; b[2]       ; s[5]        ; 10.227 ; 10.227 ; 10.227 ; 10.227 ;
; b[2]       ; s[6]        ; 10.238 ; 10.238 ; 10.238 ; 10.238 ;
; b[2]       ; s[7]        ; 12.700 ; 12.700 ; 12.700 ; 12.700 ;
; b[2]       ; s[10]       ; 12.516 ; 12.516 ; 12.516 ; 12.516 ;
; b[2]       ; s[11]       ; 12.536 ; 12.536 ; 12.536 ; 12.536 ;
; b[2]       ; s[12]       ; 12.070 ; 12.070 ; 12.070 ; 12.070 ;
; b[2]       ; v           ; 7.686  ; 7.686  ; 7.686  ; 7.686  ;
; b[2]       ; y[2]        ; 8.945  ; 8.945  ; 8.945  ; 8.945  ;
; b[2]       ; y[3]        ; 7.428  ; 7.428  ; 7.428  ; 7.428  ;
; b[2]       ; z           ; 12.009 ; 12.009 ; 12.009 ; 12.009 ;
; b[3]       ; c           ; 8.165  ; 8.165  ; 8.165  ; 8.165  ;
; b[3]       ; n           ; 8.424  ; 8.424  ; 8.424  ; 8.424  ;
; b[3]       ; s[0]        ; 10.170 ; 10.170 ; 10.170 ; 10.170 ;
; b[3]       ; s[1]        ; 10.144 ; 10.144 ; 10.144 ; 10.144 ;
; b[3]       ; s[2]        ; 10.147 ; 10.147 ; 10.147 ; 10.147 ;
; b[3]       ; s[3]        ; 9.919  ; 9.919  ; 9.919  ; 9.919  ;
; b[3]       ; s[4]        ; 9.928  ; 9.928  ; 9.928  ; 9.928  ;
; b[3]       ; s[5]        ; 9.905  ; 9.905  ; 9.905  ; 9.905  ;
; b[3]       ; s[6]        ; 9.916  ; 9.916  ; 9.916  ; 9.916  ;
; b[3]       ; s[7]        ; 12.378 ; 12.378 ; 12.378 ; 12.378 ;
; b[3]       ; s[10]       ; 12.194 ; 12.194 ; 12.194 ; 12.194 ;
; b[3]       ; s[11]       ; 12.214 ; 12.214 ; 12.214 ; 12.214 ;
; b[3]       ; s[12]       ; 11.748 ; 11.748 ; 11.748 ; 11.748 ;
; b[3]       ; v           ; 8.432  ; 8.432  ; 8.432  ; 8.432  ;
; b[3]       ; y[3]        ; 8.988  ; 8.988  ; 8.988  ; 8.988  ;
; b[3]       ; z           ; 11.726 ; 11.726 ; 11.726 ; 11.726 ;
; sel[0]     ; s[0]        ; 15.566 ; 15.566 ; 15.566 ; 15.566 ;
; sel[0]     ; s[1]        ; 15.541 ; 15.541 ; 15.541 ; 15.541 ;
; sel[0]     ; s[2]        ; 15.514 ; 15.514 ; 15.514 ; 15.514 ;
; sel[0]     ; s[3]        ; 15.319 ; 15.319 ; 15.319 ; 15.319 ;
; sel[0]     ; s[4]        ; 15.325 ; 15.325 ; 15.325 ; 15.325 ;
; sel[0]     ; s[5]        ; 15.301 ; 15.301 ; 15.301 ; 15.301 ;
; sel[0]     ; s[6]        ; 15.312 ; 15.312 ; 15.312 ; 15.312 ;
; sel[0]     ; s[7]        ; 17.774 ; 17.774 ; 17.774 ; 17.774 ;
; sel[0]     ; s[10]       ; 17.590 ; 17.590 ; 17.590 ; 17.590 ;
; sel[0]     ; s[11]       ; 17.610 ; 17.610 ; 17.610 ; 17.610 ;
; sel[0]     ; s[12]       ; 17.144 ; 17.144 ; 17.144 ; 17.144 ;
; sel[0]     ; y[0]        ; 11.263 ; 11.263 ; 11.263 ; 11.263 ;
; sel[0]     ; y[1]        ; 13.486 ; 13.486 ; 13.486 ; 13.486 ;
; sel[0]     ; y[2]        ; 14.019 ; 14.019 ; 14.019 ; 14.019 ;
; sel[0]     ; y[3]        ; 12.888 ; 12.888 ; 12.888 ; 12.888 ;
; sel[0]     ; z           ; 17.083 ; 17.083 ; 17.083 ; 17.083 ;
; sel[1]     ; s[0]        ; 15.242 ; 15.242 ; 15.242 ; 15.242 ;
; sel[1]     ; s[1]        ; 15.217 ; 15.217 ; 15.217 ; 15.217 ;
; sel[1]     ; s[2]        ; 15.190 ; 15.190 ; 15.190 ; 15.190 ;
; sel[1]     ; s[3]        ; 14.995 ; 14.995 ; 14.995 ; 14.995 ;
; sel[1]     ; s[4]        ; 15.001 ; 15.001 ; 15.001 ; 15.001 ;
; sel[1]     ; s[5]        ; 14.977 ; 14.977 ; 14.977 ; 14.977 ;
; sel[1]     ; s[6]        ; 14.988 ; 14.988 ; 14.988 ; 14.988 ;
; sel[1]     ; s[7]        ; 17.450 ; 17.450 ; 17.450 ; 17.450 ;
; sel[1]     ; s[10]       ; 17.266 ; 17.266 ; 17.266 ; 17.266 ;
; sel[1]     ; s[11]       ; 17.286 ; 17.286 ; 17.286 ; 17.286 ;
; sel[1]     ; s[12]       ; 16.820 ; 16.820 ; 16.820 ; 16.820 ;
; sel[1]     ; y[0]        ; 11.540 ; 10.842 ; 10.842 ; 11.540 ;
; sel[1]     ; y[1]        ; 13.768 ; 13.768 ; 13.768 ; 13.768 ;
; sel[1]     ; y[2]        ; 13.695 ; 13.695 ; 13.695 ; 13.695 ;
; sel[1]     ; y[3]        ; 10.979 ; 10.979 ; 10.979 ; 10.979 ;
; sel[1]     ; z           ; 16.759 ; 16.759 ; 16.759 ; 16.759 ;
; sel[2]     ; s[0]        ; 14.720 ; 14.720 ; 14.720 ; 14.720 ;
; sel[2]     ; s[1]        ; 14.695 ; 14.695 ; 14.695 ; 14.695 ;
; sel[2]     ; s[2]        ; 14.668 ; 14.668 ; 14.668 ; 14.668 ;
; sel[2]     ; s[3]        ; 14.473 ; 14.473 ; 14.473 ; 14.473 ;
; sel[2]     ; s[4]        ; 14.479 ; 14.479 ; 14.479 ; 14.479 ;
; sel[2]     ; s[5]        ; 14.455 ; 14.455 ; 14.455 ; 14.455 ;
; sel[2]     ; s[6]        ; 14.466 ; 14.466 ; 14.466 ; 14.466 ;
; sel[2]     ; s[7]        ; 16.928 ; 16.928 ; 16.928 ; 16.928 ;
; sel[2]     ; s[10]       ; 16.744 ; 16.744 ; 16.744 ; 16.744 ;
; sel[2]     ; s[11]       ; 16.764 ; 16.764 ; 16.764 ; 16.764 ;
; sel[2]     ; s[12]       ; 16.298 ; 16.298 ; 16.298 ; 16.298 ;
; sel[2]     ; y[0]        ; 11.100 ; 10.579 ; 10.579 ; 11.100 ;
; sel[2]     ; y[1]        ; 13.014 ; 13.014 ; 13.014 ; 13.014 ;
; sel[2]     ; y[2]        ; 13.173 ; 13.173 ; 13.173 ; 13.173 ;
; sel[2]     ; y[3]        ; 12.281 ; 12.281 ; 12.281 ; 12.281 ;
; sel[2]     ; z           ; 16.237 ; 16.237 ; 16.237 ; 16.237 ;
+------------+-------------+--------+--------+--------+--------+


+----------------------------------------------------------+
; Minimum Progagation Delay                                ;
+------------+-------------+-------+-------+-------+-------+
; Input Port ; Output Port ; RR    ; RF    ; FR    ; FF    ;
+------------+-------------+-------+-------+-------+-------+
; a[0]       ; c           ; 5.169 ;       ;       ; 5.169 ;
; a[0]       ; n           ; 5.385 ; 5.385 ; 5.385 ; 5.385 ;
; a[0]       ; s[0]        ; 4.778 ; 4.778 ; 4.778 ; 4.778 ;
; a[0]       ; s[1]        ; 4.744 ; 4.744 ; 4.744 ; 4.744 ;
; a[0]       ; s[2]        ; 4.759 ; 4.759 ; 4.759 ; 4.759 ;
; a[0]       ; s[3]        ; 4.666 ; 4.666 ; 4.666 ; 4.666 ;
; a[0]       ; s[4]        ; 4.649 ; 4.649 ; 4.649 ; 4.649 ;
; a[0]       ; s[5]        ; 4.650 ; 4.650 ; 4.650 ; 4.650 ;
; a[0]       ; s[6]        ; 4.633 ; 4.633 ; 4.633 ; 4.633 ;
; a[0]       ; s[7]        ; 5.722 ; 5.722 ; 5.722 ; 5.722 ;
; a[0]       ; s[10]       ; 5.577 ; 5.577 ; 5.577 ; 5.577 ;
; a[0]       ; s[11]       ; 5.597 ; 5.597 ; 5.597 ; 5.597 ;
; a[0]       ; s[12]       ; 5.397 ; 5.397 ; 5.397 ; 5.397 ;
; a[0]       ; v           ; 5.257 ; 5.257 ; 5.257 ; 5.257 ;
; a[0]       ; y[0]        ; 4.207 ; 4.207 ; 4.207 ; 4.207 ;
; a[0]       ; y[1]        ; 4.128 ; 4.128 ; 4.128 ; 4.128 ;
; a[0]       ; y[2]        ; 4.729 ; 4.729 ; 4.729 ; 4.729 ;
; a[0]       ; y[3]        ; 5.138 ; 5.138 ; 5.138 ; 5.138 ;
; a[0]       ; z           ; 5.490 ; 5.490 ; 5.490 ; 5.490 ;
; a[1]       ; c           ; 4.854 ;       ;       ; 4.854 ;
; a[1]       ; n           ; 5.073 ; 5.073 ; 5.073 ; 5.073 ;
; a[1]       ; s[0]        ; 4.336 ; 4.336 ; 4.336 ; 4.336 ;
; a[1]       ; s[1]        ; 4.302 ; 4.302 ; 4.302 ; 4.302 ;
; a[1]       ; s[2]        ; 4.317 ; 4.317 ; 4.317 ; 4.317 ;
; a[1]       ; s[3]        ; 4.224 ; 4.224 ; 4.224 ; 4.224 ;
; a[1]       ; s[4]        ; 4.207 ; 4.207 ; 4.207 ; 4.207 ;
; a[1]       ; s[5]        ; 4.208 ; 4.208 ; 4.208 ; 4.208 ;
; a[1]       ; s[6]        ; 4.191 ; 4.191 ; 4.191 ; 4.191 ;
; a[1]       ; s[7]        ; 5.280 ; 5.280 ; 5.280 ; 5.280 ;
; a[1]       ; s[10]       ; 5.135 ; 5.135 ; 5.135 ; 5.135 ;
; a[1]       ; s[11]       ; 5.155 ; 5.155 ; 5.155 ; 5.155 ;
; a[1]       ; s[12]       ; 4.955 ; 4.955 ; 4.955 ; 4.955 ;
; a[1]       ; v           ; 4.942 ; 4.942 ; 4.942 ; 4.942 ;
; a[1]       ; y[0]        ; 3.980 ;       ;       ; 3.980 ;
; a[1]       ; y[1]        ; 3.686 ; 3.686 ; 3.686 ; 3.686 ;
; a[1]       ; y[2]        ; 4.150 ; 4.321 ; 4.321 ; 4.150 ;
; a[1]       ; y[3]        ; 4.823 ; 4.823 ; 4.823 ; 4.823 ;
; a[1]       ; z           ; 5.048 ; 5.048 ; 5.048 ; 5.048 ;
; a[2]       ; c           ; 4.559 ;       ;       ; 4.559 ;
; a[2]       ; n           ; 4.774 ; 4.774 ; 4.774 ; 4.774 ;
; a[2]       ; s[0]        ; 4.605 ; 4.605 ; 4.605 ; 4.605 ;
; a[2]       ; s[1]        ; 4.580 ; 4.580 ; 4.580 ; 4.580 ;
; a[2]       ; s[2]        ; 4.584 ; 4.584 ; 4.584 ; 4.584 ;
; a[2]       ; s[3]        ; 4.485 ; 4.485 ; 4.485 ; 4.485 ;
; a[2]       ; s[4]        ; 4.492 ; 4.492 ; 4.492 ; 4.492 ;
; a[2]       ; s[5]        ; 4.473 ; 4.473 ; 4.473 ; 4.473 ;
; a[2]       ; s[6]        ; 4.481 ; 4.481 ; 4.481 ; 4.481 ;
; a[2]       ; s[7]        ; 5.640 ; 5.700 ; 5.700 ; 5.640 ;
; a[2]       ; s[10]       ; 5.495 ; 5.555 ; 5.555 ; 5.495 ;
; a[2]       ; s[11]       ; 5.515 ; 5.575 ; 5.575 ; 5.515 ;
; a[2]       ; s[12]       ; 5.315 ; 5.375 ; 5.375 ; 5.315 ;
; a[2]       ; v           ; 4.647 ; 4.647 ; 4.647 ; 4.647 ;
; a[2]       ; y[1]        ; 4.438 ; 4.438 ; 4.438 ; 4.438 ;
; a[2]       ; y[2]        ; 4.009 ; 4.009 ; 4.009 ; 4.009 ;
; a[2]       ; y[3]        ; 4.055 ; 4.528 ; 4.528 ; 4.055 ;
; a[2]       ; z           ; 5.414 ; 5.328 ; 5.328 ; 5.414 ;
; a[3]       ; c           ; 3.527 ;       ;       ; 3.527 ;
; a[3]       ; n           ; 3.598 ; 3.598 ; 3.598 ; 3.598 ;
; a[3]       ; s[0]        ; 3.672 ; 3.672 ; 3.672 ; 3.672 ;
; a[3]       ; s[1]        ; 3.647 ; 3.647 ; 3.647 ; 3.647 ;
; a[3]       ; s[2]        ; 3.651 ; 3.651 ; 3.651 ; 3.651 ;
; a[3]       ; s[3]        ; 3.552 ; 3.552 ; 3.552 ; 3.552 ;
; a[3]       ; s[4]        ; 3.559 ; 3.559 ; 3.559 ; 3.559 ;
; a[3]       ; s[5]        ; 3.540 ; 3.540 ; 3.540 ; 3.540 ;
; a[3]       ; s[6]        ; 3.548 ; 3.548 ; 3.548 ; 3.548 ;
; a[3]       ; s[7]        ; 5.031 ; 4.707 ; 4.707 ; 5.031 ;
; a[3]       ; s[10]       ; 4.886 ; 4.562 ; 4.562 ; 4.886 ;
; a[3]       ; s[11]       ; 4.906 ; 4.582 ; 4.582 ; 4.906 ;
; a[3]       ; s[12]       ; 4.706 ; 4.382 ; 4.382 ; 4.706 ;
; a[3]       ; v           ; 3.609 ; 3.609 ; 3.609 ; 3.609 ;
; a[3]       ; y[2]        ; 3.647 ; 3.818 ; 3.818 ; 3.647 ;
; a[3]       ; y[3]        ; 3.446 ; 3.122 ; 3.122 ; 3.446 ;
; a[3]       ; z           ; 4.395 ; 4.719 ; 4.719 ; 4.395 ;
; b[0]       ; c           ; 4.084 ; 4.210 ; 4.210 ; 4.084 ;
; b[0]       ; n           ; 4.299 ; 4.299 ; 4.299 ; 4.299 ;
; b[0]       ; s[0]        ; 3.776 ; 3.776 ; 3.776 ; 3.776 ;
; b[0]       ; s[1]        ; 3.745 ; 3.745 ; 3.745 ; 3.745 ;
; b[0]       ; s[2]        ; 3.758 ; 3.758 ; 3.758 ; 3.758 ;
; b[0]       ; s[3]        ; 3.664 ; 3.664 ; 3.664 ; 3.664 ;
; b[0]       ; s[4]        ; 3.651 ; 3.651 ; 3.651 ; 3.651 ;
; b[0]       ; s[5]        ; 3.649 ; 3.649 ; 3.649 ; 3.649 ;
; b[0]       ; s[6]        ; 3.636 ; 3.636 ; 3.636 ; 3.636 ;
; b[0]       ; s[7]        ; 4.959 ; 4.959 ; 4.959 ; 4.959 ;
; b[0]       ; s[10]       ; 4.814 ; 4.814 ; 4.814 ; 4.814 ;
; b[0]       ; s[11]       ; 4.834 ; 4.834 ; 4.834 ; 4.834 ;
; b[0]       ; s[12]       ; 4.634 ; 4.634 ; 4.634 ; 4.634 ;
; b[0]       ; v           ; 4.172 ; 4.172 ; 4.172 ; 4.172 ;
; b[0]       ; y[0]        ; 3.194 ; 3.194 ; 3.194 ; 3.194 ;
; b[0]       ; y[1]        ; 3.365 ; 3.365 ; 3.365 ; 3.365 ;
; b[0]       ; y[2]        ; 3.643 ; 3.643 ; 3.643 ; 3.643 ;
; b[0]       ; y[3]        ; 4.053 ; 4.053 ; 4.053 ; 4.053 ;
; b[0]       ; z           ; 4.490 ; 4.490 ; 4.490 ; 4.490 ;
; b[1]       ; c           ; 4.171 ; 4.294 ; 4.294 ; 4.171 ;
; b[1]       ; n           ; 4.383 ; 4.383 ; 4.383 ; 4.383 ;
; b[1]       ; s[0]        ; 3.962 ; 3.962 ; 3.962 ; 3.962 ;
; b[1]       ; s[1]        ; 3.928 ; 3.928 ; 3.928 ; 3.928 ;
; b[1]       ; s[2]        ; 3.943 ; 3.943 ; 3.943 ; 3.943 ;
; b[1]       ; s[3]        ; 3.850 ; 3.850 ; 3.850 ; 3.850 ;
; b[1]       ; s[4]        ; 3.833 ; 3.833 ; 3.833 ; 3.833 ;
; b[1]       ; s[5]        ; 3.834 ; 3.834 ; 3.834 ; 3.834 ;
; b[1]       ; s[6]        ; 3.817 ; 3.817 ; 3.817 ; 3.817 ;
; b[1]       ; s[7]        ; 4.906 ; 4.906 ; 4.906 ; 4.906 ;
; b[1]       ; s[10]       ; 4.761 ; 4.761 ; 4.761 ; 4.761 ;
; b[1]       ; s[11]       ; 4.781 ; 4.781 ; 4.781 ; 4.781 ;
; b[1]       ; s[12]       ; 4.581 ; 4.581 ; 4.581 ; 4.581 ;
; b[1]       ; v           ; 4.259 ; 4.259 ; 4.259 ; 4.259 ;
; b[1]       ; y[1]        ; 3.312 ; 3.312 ; 3.312 ; 3.312 ;
; b[1]       ; y[2]        ; 3.727 ; 3.727 ; 3.727 ; 3.727 ;
; b[1]       ; y[3]        ; 4.140 ; 4.140 ; 4.140 ; 4.140 ;
; b[1]       ; z           ; 4.674 ; 4.674 ; 4.674 ; 4.674 ;
; b[2]       ; c           ; 3.604 ; 3.737 ; 3.737 ; 3.604 ;
; b[2]       ; n           ; 3.826 ; 3.826 ; 3.826 ; 3.826 ;
; b[2]       ; s[0]        ; 3.734 ; 3.734 ; 3.734 ; 3.734 ;
; b[2]       ; s[1]        ; 3.715 ; 3.715 ; 3.715 ; 3.715 ;
; b[2]       ; s[2]        ; 3.720 ; 3.720 ; 3.720 ; 3.720 ;
; b[2]       ; s[3]        ; 3.616 ; 3.616 ; 3.616 ; 3.616 ;
; b[2]       ; s[4]        ; 3.620 ; 3.620 ; 3.620 ; 3.620 ;
; b[2]       ; s[5]        ; 3.602 ; 3.602 ; 3.602 ; 3.602 ;
; b[2]       ; s[6]        ; 3.609 ; 3.609 ; 3.609 ; 3.609 ;
; b[2]       ; s[7]        ; 4.749 ; 4.749 ; 4.749 ; 4.749 ;
; b[2]       ; s[10]       ; 4.604 ; 4.604 ; 4.604 ; 4.604 ;
; b[2]       ; s[11]       ; 4.624 ; 4.624 ; 4.624 ; 4.624 ;
; b[2]       ; s[12]       ; 4.424 ; 4.424 ; 4.424 ; 4.424 ;
; b[2]       ; v           ; 3.692 ; 3.692 ; 3.692 ; 3.692 ;
; b[2]       ; y[2]        ; 3.058 ; 3.058 ; 3.058 ; 3.058 ;
; b[2]       ; y[3]        ; 3.573 ; 3.573 ; 3.573 ; 3.573 ;
; b[2]       ; z           ; 4.463 ; 4.463 ; 4.463 ; 4.463 ;
; b[3]       ; c           ; 4.296 ; 4.296 ; 4.296 ; 4.296 ;
; b[3]       ; n           ; 4.371 ; 4.371 ; 4.371 ; 4.371 ;
; b[3]       ; s[0]        ; 4.769 ; 4.769 ; 4.769 ; 4.769 ;
; b[3]       ; s[1]        ; 4.744 ; 4.744 ; 4.744 ; 4.744 ;
; b[3]       ; s[2]        ; 4.748 ; 4.748 ; 4.748 ; 4.748 ;
; b[3]       ; s[3]        ; 4.649 ; 4.649 ; 4.649 ; 4.649 ;
; b[3]       ; s[4]        ; 4.656 ; 4.656 ; 4.656 ; 4.656 ;
; b[3]       ; s[5]        ; 4.637 ; 4.637 ; 4.637 ; 4.637 ;
; b[3]       ; s[6]        ; 4.645 ; 4.645 ; 4.645 ; 4.645 ;
; b[3]       ; s[7]        ; 5.804 ; 5.804 ; 5.804 ; 5.804 ;
; b[3]       ; s[10]       ; 5.659 ; 5.659 ; 5.659 ; 5.659 ;
; b[3]       ; s[11]       ; 5.679 ; 5.679 ; 5.679 ; 5.679 ;
; b[3]       ; s[12]       ; 5.479 ; 5.479 ; 5.479 ; 5.479 ;
; b[3]       ; v           ; 4.383 ; 4.383 ; 4.383 ; 4.383 ;
; b[3]       ; y[3]        ; 4.219 ; 4.219 ; 4.219 ; 4.219 ;
; b[3]       ; z           ; 5.492 ; 5.492 ; 5.492 ; 5.492 ;
; sel[0]     ; s[0]        ; 6.708 ; 6.708 ; 6.708 ; 6.708 ;
; sel[0]     ; s[1]        ; 6.677 ; 6.677 ; 6.677 ; 6.677 ;
; sel[0]     ; s[2]        ; 6.690 ; 6.690 ; 6.690 ; 6.690 ;
; sel[0]     ; s[3]        ; 6.596 ; 6.596 ; 6.596 ; 6.596 ;
; sel[0]     ; s[4]        ; 6.583 ; 6.583 ; 6.583 ; 6.583 ;
; sel[0]     ; s[5]        ; 6.581 ; 6.581 ; 6.581 ; 6.581 ;
; sel[0]     ; s[6]        ; 6.568 ; 6.568 ; 6.568 ; 6.568 ;
; sel[0]     ; s[7]        ; 7.873 ; 7.873 ; 7.873 ; 7.873 ;
; sel[0]     ; s[10]       ; 7.728 ; 7.728 ; 7.728 ; 7.728 ;
; sel[0]     ; s[11]       ; 7.748 ; 7.748 ; 7.748 ; 7.748 ;
; sel[0]     ; s[12]       ; 7.548 ; 7.548 ; 7.548 ; 7.548 ;
; sel[0]     ; y[0]        ; 6.126 ; 6.126 ; 6.126 ; 6.126 ;
; sel[0]     ; y[1]        ; 6.297 ; 6.297 ; 6.297 ; 6.297 ;
; sel[0]     ; y[2]        ; 6.675 ; 6.675 ; 6.675 ; 6.675 ;
; sel[0]     ; y[3]        ; 6.288 ; 6.288 ; 6.288 ; 6.288 ;
; sel[0]     ; z           ; 7.422 ; 7.422 ; 7.422 ; 7.422 ;
; sel[1]     ; s[0]        ; 6.676 ; 6.676 ; 6.676 ; 6.676 ;
; sel[1]     ; s[1]        ; 6.645 ; 6.645 ; 6.645 ; 6.645 ;
; sel[1]     ; s[2]        ; 6.658 ; 6.664 ; 6.664 ; 6.658 ;
; sel[1]     ; s[3]        ; 6.564 ; 6.564 ; 6.564 ; 6.564 ;
; sel[1]     ; s[4]        ; 6.572 ; 6.551 ; 6.551 ; 6.572 ;
; sel[1]     ; s[5]        ; 6.553 ; 6.549 ; 6.549 ; 6.553 ;
; sel[1]     ; s[6]        ; 6.561 ; 6.536 ; 6.536 ; 6.561 ;
; sel[1]     ; s[7]        ; 7.720 ; 7.720 ; 7.720 ; 7.720 ;
; sel[1]     ; s[10]       ; 7.575 ; 7.575 ; 7.575 ; 7.575 ;
; sel[1]     ; s[11]       ; 7.595 ; 7.595 ; 7.595 ; 7.595 ;
; sel[1]     ; s[12]       ; 7.395 ; 7.395 ; 7.395 ; 7.395 ;
; sel[1]     ; y[0]        ; 6.392 ; 6.094 ; 6.094 ; 6.392 ;
; sel[1]     ; y[1]        ; 6.257 ; 6.257 ; 6.257 ; 6.257 ;
; sel[1]     ; y[2]        ; 6.441 ; 6.441 ; 6.441 ; 6.441 ;
; sel[1]     ; y[3]        ; 6.135 ; 6.135 ; 6.135 ; 6.135 ;
; sel[1]     ; z           ; 7.390 ; 7.408 ; 7.408 ; 7.390 ;
; sel[2]     ; s[0]        ; 6.536 ; 6.536 ; 6.536 ; 6.536 ;
; sel[2]     ; s[1]        ; 6.505 ; 6.505 ; 6.505 ; 6.505 ;
; sel[2]     ; s[2]        ; 6.518 ; 6.731 ; 6.731 ; 6.518 ;
; sel[2]     ; s[3]        ; 6.424 ; 6.424 ; 6.424 ; 6.424 ;
; sel[2]     ; s[4]        ; 6.624 ; 6.411 ; 6.411 ; 6.624 ;
; sel[2]     ; s[5]        ; 6.622 ; 6.409 ; 6.409 ; 6.622 ;
; sel[2]     ; s[6]        ; 6.609 ; 6.396 ; 6.396 ; 6.609 ;
; sel[2]     ; s[7]        ; 7.941 ; 7.941 ; 7.941 ; 7.941 ;
; sel[2]     ; s[10]       ; 7.796 ; 7.796 ; 7.796 ; 7.796 ;
; sel[2]     ; s[11]       ; 7.816 ; 7.816 ; 7.816 ; 7.816 ;
; sel[2]     ; s[12]       ; 7.616 ; 7.616 ; 7.616 ; 7.616 ;
; sel[2]     ; y[0]        ; 6.167 ; 5.954 ; 5.954 ; 6.167 ;
; sel[2]     ; y[1]        ; 6.353 ; 6.353 ; 6.353 ; 6.353 ;
; sel[2]     ; y[2]        ; 6.537 ; 6.537 ; 6.537 ; 6.537 ;
; sel[2]     ; y[3]        ; 6.356 ; 6.356 ; 6.356 ; 6.356 ;
; sel[2]     ; z           ; 7.250 ; 7.463 ; 7.463 ; 7.250 ;
+------------+-------------+-------+-------+-------+-------+


-------------------
; Clock Transfers ;
-------------------
Nothing to report.


---------------
; Report TCCS ;
---------------
No dedicated SERDES Transmitter circuitry present in device or used in design


---------------
; Report RSKM ;
---------------
No dedicated SERDES Receiver circuitry present in device or used in design


+------------------------------------------------+
; Unconstrained Paths                            ;
+---------------------------------+-------+------+
; Property                        ; Setup ; Hold ;
+---------------------------------+-------+------+
; Illegal Clocks                  ; 0     ; 0    ;
; Unconstrained Clocks            ; 0     ; 0    ;
; Unconstrained Input Ports       ; 11    ; 11   ;
; Unconstrained Input Port Paths  ; 191   ; 191  ;
; Unconstrained Output Ports      ; 19    ; 19   ;
; Unconstrained Output Port Paths ; 191   ; 191  ;
+---------------------------------+-------+------+


+------------------------------------+
; TimeQuest Timing Analyzer Messages ;
+------------------------------------+
Info: *******************************************************************
Info: Running Quartus II 64-Bit TimeQuest Timing Analyzer
    Info: Version 13.0.1 Build 232 06/12/2013 Service Pack 1 SJ Web Edition
    Info: Processing started: Fri Mar 15 15:05:49 2024
Info: Command: quartus_sta ula -c ula
Info: qsta_default_script.tcl version: #1
Warning (20028): Parallel compilation is not licensed and has been disabled
Info (21077): Low junction temperature is 0 degrees C
Info (21077): High junction temperature is 85 degrees C
Critical Warning (332012): Synopsys Design Constraints File file not found: 'ula.sdc'. A Synopsys Design Constraints File is required by the TimeQuest Timing Analyzer to get proper timing constraints. Without it, the Compiler will not properly optimize the design.
Info (332142): No user constrained base clocks found in the design. Calling "derive_clocks -period 1.0"
Info (332096): The command derive_clocks did not find any clocks to derive.  No clocks were created or changed.
Warning (332068): No clocks defined in design.
Info: Found TIMEQUEST_REPORT_SCRIPT_INCLUDE_DEFAULT_ANALYSIS = ON
Info (332159): No clocks to report
Info: Analyzing Slow Model
Info (332140): No fmax paths to report
Info (332140): No Setup paths to report
Info (332140): No Hold paths to report
Info (332140): No Recovery paths to report
Info (332140): No Removal paths to report
Info (332140): No Minimum Pulse Width paths to report
Info (332001): The selected device family is not supported by the report_metastability command.
Info: Analyzing Fast Model
Info (332142): No user constrained base clocks found in the design. Calling "derive_clocks -period 1.0"
Info (332096): The command derive_clocks did not find any clocks to derive.  No clocks were created or changed.
Warning (332068): No clocks defined in design.
Info (332140): No Setup paths to report
Info (332140): No Hold paths to report
Info (332140): No Recovery paths to report
Info (332140): No Removal paths to report
Info (332140): No Minimum Pulse Width paths to report
Info (332001): The selected device family is not supported by the report_metastability command.
Info (332102): Design is not fully constrained for setup requirements
Info (332102): Design is not fully constrained for hold requirements
Info: Quartus II 64-Bit TimeQuest Timing Analyzer was successful. 0 errors, 4 warnings
    Info: Peak virtual memory: 4537 megabytes
    Info: Processing ended: Fri Mar 15 15:05:50 2024
    Info: Elapsed time: 00:00:01
    Info: Total CPU time (on all processors): 00:00:01


